2024-07-28 13:17:56.491 [info] Log level: Info
2024-07-28 13:17:56.491 [info] Validating found git in: "git"
2024-07-28 13:17:56.515 [info] Using git "2.45.2" from "git"
2024-07-28 13:17:56.550 [info] > git rev-parse --show-toplevel [11ms]
2024-07-28 13:17:56.550 [info] fatal: not a git repository (or any of the parent directories): .git
2024-07-28 13:17:56.562 [info] > git rev-parse --show-toplevel [2ms]
2024-07-28 13:17:56.562 [info] fatal: not a git repository (or any of the parent directories): .git
2024-07-28 13:17:56.573 [info] > git rev-parse --show-toplevel [6ms]
2024-07-28 13:17:56.573 [info] fatal: not a git repository (or any of the parent directories): .git
2024-07-28 13:17:57.748 [info] > git rev-parse --show-toplevel [0ms]
2024-07-28 13:17:57.748 [info] fatal: not a git repository (or any of the parent directories): .git
2024-07-28 13:18:31.299 [info] Log level: Info
2024-07-28 13:18:31.299 [info] Validating found git in: "git"
2024-07-28 13:18:31.299 [info] Using git "2.45.2" from "git"
2024-07-28 13:18:31.335 [info] > git rev-parse --show-toplevel [39ms]
2024-07-28 13:18:31.353 [info] > git rev-parse --git-dir --git-common-dir [1ms]
2024-07-28 13:18:31.364 [info] Open repository: /home/carti/.config/dwmblocks
2024-07-28 13:18:31.383 [info] > git config --get commit.template [9ms]
2024-07-28 13:18:31.383 [info] > git rev-parse --show-toplevel [4ms]
2024-07-28 13:18:31.409 [info] > git for-each-ref --format=%(refname)%00%(upstream:short)%00%(objectname)%00%(upstream:track)%00%(upstream:remotename)%00%(upstream:remoteref) refs/heads/master refs/remotes/master [14ms]
2024-07-28 13:18:31.415 [warning] ENOENT: no such file or directory, open '/home/carti/.config/dwmblocks/.git/refs/remotes/origin/master'
2024-07-28 13:18:31.419 [info] > git rev-parse refs/remotes/origin/master [4ms]
2024-07-28 13:18:31.433 [info] > git status -z -uall [9ms]
2024-07-28 13:18:31.464 [info] > git for-each-ref --format=%(refname)%00%(upstream:short)%00%(objectname)%00%(upstream:track)%00%(upstream:remotename)%00%(upstream:remoteref) refs/heads/master refs/remotes/master [14ms]
2024-07-28 13:18:31.491 [info] > git config --local branch.master.vscode-merge-base [17ms]
2024-07-28 13:18:31.505 [info] > git config --get commit.template [42ms]
2024-07-28 13:18:31.534 [info] > git for-each-ref --format=%(refname)%00%(upstream:short)%00%(objectname)%00%(upstream:track)%00%(upstream:remotename)%00%(upstream:remoteref) refs/heads/origin/master refs/remotes/origin/master [30ms]
2024-07-28 13:18:31.541 [info] > git for-each-ref --format=%(refname)%00%(upstream:short)%00%(objectname)%00%(upstream:track)%00%(upstream:remotename)%00%(upstream:remoteref) refs/heads/master refs/remotes/master [8ms]
2024-07-28 13:18:31.547 [warning] ENOENT: no such file or directory, open '/home/carti/.config/dwmblocks/.git/refs/remotes/origin/master'
2024-07-28 13:18:31.549 [info] > git merge-base refs/heads/master refs/remotes/origin/master [10ms]
2024-07-28 13:18:31.556 [info] > git rev-parse refs/remotes/origin/master [10ms]
2024-07-28 13:18:31.562 [info] > git rev-list --count --left-right refs/heads/master...refs/remotes/origin/master [9ms]
2024-07-28 13:18:31.568 [info] > git status -z -uall [8ms]
2024-07-28 13:18:31.580 [info] > git diff --name-status -z --diff-filter=ADMR 58a426b68a507afd3e681f2ea70a245167d3c3fb...refs/remotes/origin/master [13ms]
2024-07-28 13:18:31.581 [info] > git for-each-ref --format=%(refname)%00%(upstream:short)%00%(objectname)%00%(upstream:track)%00%(upstream:remotename)%00%(upstream:remoteref) refs/heads/master refs/remotes/master [5ms]
2024-07-28 13:18:31.597 [info] > git config --local branch.master.vscode-merge-base [5ms]
2024-07-28 13:18:31.608 [info] > git for-each-ref --format=%(refname)%00%(upstream:short)%00%(objectname)%00%(upstream:track)%00%(upstream:remotename)%00%(upstream:remoteref) refs/heads/origin/master refs/remotes/origin/master [2ms]
2024-07-28 13:18:31.718 [info] > git show --textconv :blocks.h [12ms]
2024-07-28 13:18:31.719 [info] > git ls-files --stage -- /home/carti/.config/dwmblocks/blocks.h [3ms]
2024-07-28 13:18:31.909 [info] > git check-ignore -v -z --stdin [3ms]
2024-07-28 13:18:36.860 [info] > git show --textconv :scripts/netconn.sh [16ms]
2024-07-28 13:18:36.862 [info] > git ls-files --stage -- /home/carti/.config/dwmblocks/scripts/netconn.sh [5ms]
2024-07-28 13:18:50.649 [info] > git config --get commit.template [7ms]
2024-07-28 13:18:50.651 [info] > git for-each-ref --format=%(refname)%00%(upstream:short)%00%(objectname)%00%(upstream:track)%00%(upstream:remotename)%00%(upstream:remoteref) refs/heads/master refs/remotes/master [3ms]
2024-07-28 13:18:50.655 [warning] ENOENT: no such file or directory, open '/home/carti/.config/dwmblocks/.git/refs/remotes/origin/master'
2024-07-28 13:18:50.657 [info] > git rev-parse refs/remotes/origin/master [2ms]
2024-07-28 13:18:50.664 [info] > git status -z -uall [3ms]
2024-07-28 13:18:50.678 [info] > git for-each-ref --format=%(refname)%00%(upstream:short)%00%(objectname)%00%(upstream:track)%00%(upstream:remotename)%00%(upstream:remoteref) refs/heads/master refs/remotes/master [9ms]
2024-07-28 13:18:50.689 [info] > git config --local branch.master.vscode-merge-base [2ms]
2024-07-28 13:18:50.696 [info] > git for-each-ref --format=%(refname)%00%(upstream:short)%00%(objectname)%00%(upstream:track)%00%(upstream:remotename)%00%(upstream:remoteref) refs/heads/origin/master refs/remotes/origin/master [2ms]
2024-07-28 13:19:06.752 [info] > git config --get commit.template [11ms]
2024-07-28 13:19:06.753 [info] > git for-each-ref --format=%(refname)%00%(upstream:short)%00%(objectname)%00%(upstream:track)%00%(upstream:remotename)%00%(upstream:remoteref) refs/heads/master refs/remotes/master [4ms]
2024-07-28 13:19:06.757 [warning] ENOENT: no such file or directory, open '/home/carti/.config/dwmblocks/.git/refs/remotes/origin/master'
2024-07-28 13:19:06.760 [info] > git rev-parse refs/remotes/origin/master [3ms]
2024-07-28 13:19:06.768 [info] > git status -z -uall [3ms]
2024-07-28 13:19:06.782 [info] > git for-each-ref --format=%(refname)%00%(upstream:short)%00%(objectname)%00%(upstream:track)%00%(upstream:remotename)%00%(upstream:remoteref) refs/heads/master refs/remotes/master [6ms]
2024-07-28 13:19:06.790 [info] > git config --local branch.master.vscode-merge-base [2ms]
2024-07-28 13:19:06.797 [info] > git for-each-ref --format=%(refname)%00%(upstream:short)%00%(objectname)%00%(upstream:track)%00%(upstream:remotename)%00%(upstream:remoteref) refs/heads/origin/master refs/remotes/origin/master [2ms]
2024-07-28 13:19:56.125 [info] > git config --get commit.template [7ms]
2024-07-28 13:19:56.127 [info] > git for-each-ref --format=%(refname)%00%(upstream:short)%00%(objectname)%00%(upstream:track)%00%(upstream:remotename)%00%(upstream:remoteref) refs/heads/master refs/remotes/master [3ms]
2024-07-28 13:19:56.131 [warning] ENOENT: no such file or directory, open '/home/carti/.config/dwmblocks/.git/refs/remotes/origin/master'
2024-07-28 13:19:56.133 [info] > git rev-parse refs/remotes/origin/master [2ms]
2024-07-28 13:19:56.140 [info] > git status -z -uall [3ms]
2024-07-28 13:19:56.150 [info] > git for-each-ref --format=%(refname)%00%(upstream:short)%00%(objectname)%00%(upstream:track)%00%(upstream:remotename)%00%(upstream:remoteref) refs/heads/master refs/remotes/master [3ms]
2024-07-28 13:19:56.157 [info] > git config --local branch.master.vscode-merge-base [3ms]
2024-07-28 13:19:56.163 [info] > git for-each-ref --format=%(refname)%00%(upstream:short)%00%(objectname)%00%(upstream:track)%00%(upstream:remotename)%00%(upstream:remoteref) refs/heads/origin/master refs/remotes/origin/master [2ms]
2024-07-28 13:20:05.663 [info] > git config --get commit.template [7ms]
2024-07-28 13:20:05.665 [info] > git for-each-ref --format=%(refname)%00%(upstream:short)%00%(objectname)%00%(upstream:track)%00%(upstream:remotename)%00%(upstream:remoteref) refs/heads/master refs/remotes/master [3ms]
2024-07-28 13:20:05.669 [warning] ENOENT: no such file or directory, open '/home/carti/.config/dwmblocks/.git/refs/remotes/origin/master'
2024-07-28 13:20:05.671 [info] > git rev-parse refs/remotes/origin/master [2ms]
2024-07-28 13:20:05.685 [info] > git status -z -uall [3ms]
2024-07-28 13:20:05.699 [info] > git for-each-ref --format=%(refname)%00%(upstream:short)%00%(objectname)%00%(upstream:track)%00%(upstream:remotename)%00%(upstream:remoteref) refs/heads/master refs/remotes/master [4ms]
2024-07-28 13:20:05.707 [info] > git config --local branch.master.vscode-merge-base [3ms]
2024-07-28 13:20:05.714 [info] > git for-each-ref --format=%(refname)%00%(upstream:short)%00%(objectname)%00%(upstream:track)%00%(upstream:remotename)%00%(upstream:remoteref) refs/heads/origin/master refs/remotes/origin/master [3ms]
