2024-07-20 13:03:45.183 [info] Added views:workbench.panel.markers.view in workbench.panel.markers
2024-07-20 13:03:45.183 [info] Added views:workbench.panel.output in workbench.panel.output
2024-07-20 13:03:45.183 [info] Added views:terminal in terminal
2024-07-20 13:03:45.183 [info] Added views:outline in workbench.view.explorer
2024-07-20 13:03:45.183 [info] Added views:workbench.scm in workbench.view.scm
2024-07-20 13:03:45.183 [info] Added views:workbench.view.search in workbench.view.search
2024-07-20 13:03:45.183 [info] Added views:timeline in workbench.view.explorer
2024-07-20 13:03:45.183 [info] Added views:workbench.explorer.fileView in workbench.view.explorer
2024-07-20 13:03:45.403 [info] Added views:workbench.debug.welcome in workbench.view.debug
2024-07-20 13:03:46.279 [info] Added views:workbench.panel.repl.view in workbench.panel.repl
2024-07-20 13:03:46.656 [info] Added views:~remote.forwardedPorts in ~remote.forwardedPortsContainer
2024-07-20 13:22:34.302 [info] Added views:workbench.panel.markers.view in workbench.panel.markers
2024-07-20 13:22:34.302 [info] Added views:workbench.panel.output in workbench.panel.output
2024-07-20 13:22:34.302 [info] Added views:terminal in terminal
2024-07-20 13:22:34.302 [info] Added views:outline in workbench.view.explorer
2024-07-20 13:22:34.302 [info] Added views:workbench.scm in workbench.view.scm
2024-07-20 13:22:34.302 [info] Added views:workbench.view.search in workbench.view.search
2024-07-20 13:22:34.302 [info] Added views:timeline in workbench.view.explorer
2024-07-20 13:22:34.302 [info] Added views:workbench.explorer.fileView in workbench.view.explorer
2024-07-20 13:22:34.431 [info] Added views:workbench.debug.welcome in workbench.view.debug
2024-07-20 13:22:35.403 [info] Added views:workbench.panel.repl.view in workbench.panel.repl
2024-07-20 13:22:36.741 [info] Added views:~remote.forwardedPorts in ~remote.forwardedPortsContainer
