2024-07-15 21:15:23.990 [info] Log level: Info
2024-07-15 21:15:23.990 [info] Validating found git in: "git"
2024-07-15 21:15:24.003 [info] Using git "2.45.2" from "git"
2024-07-15 21:15:24.023 [info] > git rev-parse --show-toplevel [8ms]
2024-07-15 21:15:24.059 [info] > git rev-parse --git-dir --git-common-dir [6ms]
2024-07-15 21:15:24.066 [info] Open repository: /home/carti/.config/dwmblocks
2024-07-15 21:15:24.083 [info] > git rev-parse --show-toplevel [4ms]
2024-07-15 21:15:24.084 [info] > git config --get commit.template [10ms]
2024-07-15 21:15:24.097 [info] > git rev-parse --show-toplevel [8ms]
2024-07-15 21:15:24.101 [info] > git for-each-ref --format=%(refname)%00%(upstream:short)%00%(objectname)%00%(upstream:track)%00%(upstream:remotename)%00%(upstream:remoteref) refs/heads/master refs/remotes/master [6ms]
2024-07-15 21:15:24.106 [warning] ENOENT: no such file or directory, open '/home/carti/.config/dwmblocks/.git/refs/remotes/origin/master'
2024-07-15 21:15:24.108 [info] > git rev-parse refs/remotes/origin/master [3ms]
2024-07-15 21:15:24.120 [info] > git status -z -uall [6ms]
2024-07-15 21:15:24.138 [info] > git for-each-ref --format=%(refname)%00%(upstream:short)%00%(objectname)%00%(upstream:track)%00%(upstream:remotename)%00%(upstream:remoteref) refs/heads/master refs/remotes/master [12ms]
2024-07-15 21:15:24.156 [info] > git config --local branch.master.vscode-merge-base [6ms]
2024-07-15 21:15:24.162 [info] > git config --get commit.template [24ms]
2024-07-15 21:15:24.210 [info] > git for-each-ref --format=%(refname)%00%(upstream:short)%00%(objectname)%00%(upstream:track)%00%(upstream:remotename)%00%(upstream:remoteref) refs/heads/origin/master refs/remotes/origin/master [49ms]
2024-07-15 21:15:24.233 [info] > git merge-base refs/heads/master refs/remotes/origin/master [18ms]
2024-07-15 21:15:24.241 [info] > git for-each-ref --format=%(refname)%00%(upstream:short)%00%(objectname)%00%(upstream:track)%00%(upstream:remotename)%00%(upstream:remoteref) refs/heads/master refs/remotes/master [13ms]
2024-07-15 21:15:24.247 [warning] ENOENT: no such file or directory, open '/home/carti/.config/dwmblocks/.git/refs/remotes/origin/master'
2024-07-15 21:15:24.249 [info] > git rev-list --count --left-right refs/heads/master...refs/remotes/origin/master [10ms]
2024-07-15 21:15:24.258 [info] > git rev-parse refs/remotes/origin/master [11ms]
2024-07-15 21:15:24.272 [info] > git status -z -uall [4ms]
2024-07-15 21:15:24.272 [info] > git diff --name-status -z --diff-filter=ADMR 58a426b68a507afd3e681f2ea70a245167d3c3fb...refs/remotes/origin/master [16ms]
2024-07-15 21:15:24.284 [info] > git for-each-ref --format=%(refname)%00%(upstream:short)%00%(objectname)%00%(upstream:track)%00%(upstream:remotename)%00%(upstream:remoteref) refs/heads/master refs/remotes/master [4ms]
2024-07-15 21:15:24.292 [info] > git config --local branch.master.vscode-merge-base [3ms]
2024-07-15 21:15:24.300 [info] > git for-each-ref --format=%(refname)%00%(upstream:short)%00%(objectname)%00%(upstream:track)%00%(upstream:remotename)%00%(upstream:remoteref) refs/heads/origin/master refs/remotes/origin/master [3ms]
2024-07-15 21:15:24.407 [info] > git show --textconv :scripts/volume.sh [15ms]
2024-07-15 21:15:24.409 [info] > git ls-files --stage -- /home/carti/.config/dwmblocks/scripts/volume.sh [3ms]
2024-07-15 21:15:24.594 [info] > git check-ignore -v -z --stdin [4ms]
2024-07-15 21:16:07.118 [info] > git config --get commit.template [8ms]
2024-07-15 21:16:07.119 [info] > git for-each-ref --format=%(refname)%00%(upstream:short)%00%(objectname)%00%(upstream:track)%00%(upstream:remotename)%00%(upstream:remoteref) refs/heads/master refs/remotes/master [3ms]
2024-07-15 21:16:07.123 [warning] ENOENT: no such file or directory, open '/home/carti/.config/dwmblocks/.git/refs/remotes/origin/master'
2024-07-15 21:16:07.125 [info] > git rev-parse refs/remotes/origin/master [2ms]
2024-07-15 21:16:07.133 [info] > git status -z -uall [3ms]
2024-07-15 21:16:07.147 [info] > git for-each-ref --format=%(refname)%00%(upstream:short)%00%(objectname)%00%(upstream:track)%00%(upstream:remotename)%00%(upstream:remoteref) refs/heads/master refs/remotes/master [5ms]
2024-07-15 21:16:07.154 [info] > git config --local branch.master.vscode-merge-base [2ms]
2024-07-15 21:16:07.161 [info] > git for-each-ref --format=%(refname)%00%(upstream:short)%00%(objectname)%00%(upstream:track)%00%(upstream:remotename)%00%(upstream:remoteref) refs/heads/origin/master refs/remotes/origin/master [2ms]
2024-07-15 21:17:35.388 [info] > git config --get commit.template [8ms]
2024-07-15 21:17:35.390 [info] > git for-each-ref --format=%(refname)%00%(upstream:short)%00%(objectname)%00%(upstream:track)%00%(upstream:remotename)%00%(upstream:remoteref) refs/heads/master refs/remotes/master [3ms]
2024-07-15 21:17:35.396 [warning] ENOENT: no such file or directory, open '/home/carti/.config/dwmblocks/.git/refs/remotes/origin/master'
2024-07-15 21:17:35.398 [info] > git rev-parse refs/remotes/origin/master [2ms]
2024-07-15 21:17:35.408 [info] > git status -z -uall [3ms]
2024-07-15 21:17:35.434 [info] > git for-each-ref --format=%(refname)%00%(upstream:short)%00%(objectname)%00%(upstream:track)%00%(upstream:remotename)%00%(upstream:remoteref) refs/heads/master refs/remotes/master [3ms]
2024-07-15 21:17:35.449 [info] > git config --local branch.master.vscode-merge-base [3ms]
2024-07-15 21:17:35.461 [info] > git for-each-ref --format=%(refname)%00%(upstream:short)%00%(objectname)%00%(upstream:track)%00%(upstream:remotename)%00%(upstream:remoteref) refs/heads/origin/master refs/remotes/origin/master [4ms]
2024-07-15 21:17:53.580 [info] > git config --get commit.template [6ms]
2024-07-15 21:17:53.590 [info] > git for-each-ref --format=%(refname)%00%(upstream:short)%00%(objectname)%00%(upstream:track)%00%(upstream:remotename)%00%(upstream:remoteref) refs/heads/master refs/remotes/master [2ms]
2024-07-15 21:17:53.595 [warning] ENOENT: no such file or directory, open '/home/carti/.config/dwmblocks/.git/refs/remotes/origin/master'
2024-07-15 21:17:53.598 [info] > git rev-parse refs/remotes/origin/master [3ms]
2024-07-15 21:17:53.607 [info] > git status -z -uall [3ms]
2024-07-15 21:17:53.620 [info] > git for-each-ref --format=%(refname)%00%(upstream:short)%00%(objectname)%00%(upstream:track)%00%(upstream:remotename)%00%(upstream:remoteref) refs/heads/master refs/remotes/master [5ms]
2024-07-15 21:17:53.635 [info] > git config --local branch.master.vscode-merge-base [8ms]
2024-07-15 21:17:53.648 [info] > git for-each-ref --format=%(refname)%00%(upstream:short)%00%(objectname)%00%(upstream:track)%00%(upstream:remotename)%00%(upstream:remoteref) refs/heads/origin/master refs/remotes/origin/master [3ms]
2024-07-15 21:18:30.296 [info] > git show --textconv :scripts/battery.sh [13ms]
2024-07-15 21:18:30.297 [info] > git ls-files --stage -- /home/carti/.config/dwmblocks/scripts/battery.sh [4ms]
2024-07-15 21:18:42.901 [info] > git show --textconv :scripts/volume.sh [7ms]
2024-07-15 21:18:42.903 [info] > git ls-files --stage -- /home/carti/.config/dwmblocks/scripts/volume.sh [3ms]
2024-07-15 21:19:07.720 [info] > git config --get commit.template [16ms]
2024-07-15 21:19:07.723 [info] > git for-each-ref --format=%(refname)%00%(upstream:short)%00%(objectname)%00%(upstream:track)%00%(upstream:remotename)%00%(upstream:remoteref) refs/heads/master refs/remotes/master [4ms]
2024-07-15 21:19:07.729 [warning] ENOENT: no such file or directory, open '/home/carti/.config/dwmblocks/.git/refs/remotes/origin/master'
2024-07-15 21:19:07.733 [info] > git rev-parse refs/remotes/origin/master [4ms]
2024-07-15 21:19:07.742 [info] > git status -z -uall [3ms]
2024-07-15 21:19:07.770 [info] > git for-each-ref --format=%(refname)%00%(upstream:short)%00%(objectname)%00%(upstream:track)%00%(upstream:remotename)%00%(upstream:remoteref) refs/heads/master refs/remotes/master [11ms]
2024-07-15 21:19:07.783 [info] > git config --local branch.master.vscode-merge-base [4ms]
2024-07-15 21:19:07.794 [info] > git for-each-ref --format=%(refname)%00%(upstream:short)%00%(objectname)%00%(upstream:track)%00%(upstream:remotename)%00%(upstream:remoteref) refs/heads/origin/master refs/remotes/origin/master [4ms]
2024-07-15 21:21:40.913 [info] > git show --textconv :blocks.h [8ms]
2024-07-15 21:21:40.915 [info] > git ls-files --stage -- /home/carti/.config/dwmblocks/blocks.h [3ms]
2024-07-15 21:21:42.671 [info] > git show --textconv :scripts/time.sh [13ms]
2024-07-15 21:21:42.674 [info] > git ls-files --stage -- /home/carti/.config/dwmblocks/scripts/time.sh [4ms]
2024-07-15 21:21:43.402 [info] > git show --textconv :blocks.h [7ms]
2024-07-15 21:21:43.405 [info] > git ls-files --stage -- /home/carti/.config/dwmblocks/blocks.h [4ms]
2024-07-15 21:21:44.066 [info] > git show --textconv :scripts/time.sh [15ms]
2024-07-15 21:21:44.069 [info] > git ls-files --stage -- /home/carti/.config/dwmblocks/scripts/time.sh [5ms]
2024-07-15 21:21:45.551 [info] > git show --textconv :scripts/volume.sh [10ms]
2024-07-15 21:21:45.553 [info] > git ls-files --stage -- /home/carti/.config/dwmblocks/scripts/volume.sh [2ms]
2024-07-15 21:22:42.761 [info] > git config --get commit.template [4ms]
2024-07-15 21:22:42.770 [info] > git for-each-ref --format=%(refname)%00%(upstream:short)%00%(objectname)%00%(upstream:track)%00%(upstream:remotename)%00%(upstream:remoteref) refs/heads/master refs/remotes/master [4ms]
2024-07-15 21:22:42.775 [warning] ENOENT: no such file or directory, open '/home/carti/.config/dwmblocks/.git/refs/remotes/origin/master'
2024-07-15 21:22:42.777 [info] > git rev-parse refs/remotes/origin/master [2ms]
2024-07-15 21:22:42.785 [info] > git status -z -uall [4ms]
2024-07-15 21:22:42.813 [info] > git for-each-ref --format=%(refname)%00%(upstream:short)%00%(objectname)%00%(upstream:track)%00%(upstream:remotename)%00%(upstream:remoteref) refs/heads/master refs/remotes/master [6ms]
2024-07-15 21:22:42.823 [info] > git config --local branch.master.vscode-merge-base [3ms]
2024-07-15 21:22:42.834 [info] > git for-each-ref --format=%(refname)%00%(upstream:short)%00%(objectname)%00%(upstream:track)%00%(upstream:remotename)%00%(upstream:remoteref) refs/heads/origin/master refs/remotes/origin/master [6ms]
2024-07-15 21:22:57.081 [info] > git config --get commit.template [5ms]
2024-07-15 21:22:57.092 [info] > git for-each-ref --format=%(refname)%00%(upstream:short)%00%(objectname)%00%(upstream:track)%00%(upstream:remotename)%00%(upstream:remoteref) refs/heads/master refs/remotes/master [2ms]
2024-07-15 21:22:57.097 [warning] ENOENT: no such file or directory, open '/home/carti/.config/dwmblocks/.git/refs/remotes/origin/master'
2024-07-15 21:22:57.101 [info] > git rev-parse refs/remotes/origin/master [4ms]
2024-07-15 21:22:57.108 [info] > git status -z -uall [3ms]
2024-07-15 21:22:57.123 [info] > git for-each-ref --format=%(refname)%00%(upstream:short)%00%(objectname)%00%(upstream:track)%00%(upstream:remotename)%00%(upstream:remoteref) refs/heads/master refs/remotes/master [4ms]
2024-07-15 21:22:57.133 [info] > git config --local branch.master.vscode-merge-base [3ms]
2024-07-15 21:22:57.141 [info] > git for-each-ref --format=%(refname)%00%(upstream:short)%00%(objectname)%00%(upstream:track)%00%(upstream:remotename)%00%(upstream:remoteref) refs/heads/origin/master refs/remotes/origin/master [2ms]
2024-07-15 21:23:20.243 [info] > git show --textconv :scripts/battery.sh [8ms]
2024-07-15 21:23:20.245 [info] > git ls-files --stage -- /home/carti/.config/dwmblocks/scripts/battery.sh [3ms]
2024-07-15 21:24:23.362 [info] > git show --textconv :scripts/volume.sh [13ms]
2024-07-15 21:24:23.362 [info] > git ls-files --stage -- /home/carti/.config/dwmblocks/scripts/volume.sh [2ms]
2024-07-15 21:24:32.948 [info] > git config --get commit.template [8ms]
2024-07-15 21:24:32.949 [info] > git for-each-ref --format=%(refname)%00%(upstream:short)%00%(objectname)%00%(upstream:track)%00%(upstream:remotename)%00%(upstream:remoteref) refs/heads/master refs/remotes/master [3ms]
2024-07-15 21:24:32.954 [warning] ENOENT: no such file or directory, open '/home/carti/.config/dwmblocks/.git/refs/remotes/origin/master'
2024-07-15 21:24:32.956 [info] > git rev-parse refs/remotes/origin/master [2ms]
2024-07-15 21:24:32.963 [info] > git status -z -uall [3ms]
2024-07-15 21:24:32.975 [info] > git for-each-ref --format=%(refname)%00%(upstream:short)%00%(objectname)%00%(upstream:track)%00%(upstream:remotename)%00%(upstream:remoteref) refs/heads/master refs/remotes/master [5ms]
2024-07-15 21:24:32.984 [info] > git config --local branch.master.vscode-merge-base [3ms]
2024-07-15 21:24:33.003 [info] > git for-each-ref --format=%(refname)%00%(upstream:short)%00%(objectname)%00%(upstream:track)%00%(upstream:remotename)%00%(upstream:remoteref) refs/heads/origin/master refs/remotes/origin/master [5ms]
2024-07-15 21:24:45.379 [info] > git config --get commit.template [8ms]
2024-07-15 21:24:45.380 [info] > git for-each-ref --format=%(refname)%00%(upstream:short)%00%(objectname)%00%(upstream:track)%00%(upstream:remotename)%00%(upstream:remoteref) refs/heads/master refs/remotes/master [3ms]
2024-07-15 21:24:45.386 [warning] ENOENT: no such file or directory, open '/home/carti/.config/dwmblocks/.git/refs/remotes/origin/master'
2024-07-15 21:24:45.388 [info] > git rev-parse refs/remotes/origin/master [2ms]
2024-07-15 21:24:45.402 [info] > git status -z -uall [10ms]
2024-07-15 21:24:45.418 [info] > git for-each-ref --format=%(refname)%00%(upstream:short)%00%(objectname)%00%(upstream:track)%00%(upstream:remotename)%00%(upstream:remoteref) refs/heads/master refs/remotes/master [4ms]
2024-07-15 21:24:45.443 [info] > git config --local branch.master.vscode-merge-base [3ms]
2024-07-15 21:24:45.450 [info] > git for-each-ref --format=%(refname)%00%(upstream:short)%00%(objectname)%00%(upstream:track)%00%(upstream:remotename)%00%(upstream:remoteref) refs/heads/origin/master refs/remotes/origin/master [2ms]
2024-07-15 21:25:29.596 [info] > git config --get commit.template [17ms]
2024-07-15 21:25:29.613 [info] > git for-each-ref --format=%(refname)%00%(upstream:short)%00%(objectname)%00%(upstream:track)%00%(upstream:remotename)%00%(upstream:remoteref) refs/heads/master refs/remotes/master [19ms]
2024-07-15 21:25:29.629 [warning] ENOENT: no such file or directory, open '/home/carti/.config/dwmblocks/.git/refs/remotes/origin/master'
2024-07-15 21:25:29.634 [info] > git rev-parse refs/remotes/origin/master [5ms]
2024-07-15 21:25:29.643 [info] > git status -z -uall [3ms]
2024-07-15 21:25:29.657 [info] > git for-each-ref --format=%(refname)%00%(upstream:short)%00%(objectname)%00%(upstream:track)%00%(upstream:remotename)%00%(upstream:remoteref) refs/heads/master refs/remotes/master [5ms]
2024-07-15 21:25:29.664 [info] > git config --local branch.master.vscode-merge-base [2ms]
2024-07-15 21:25:29.691 [info] > git for-each-ref --format=%(refname)%00%(upstream:short)%00%(objectname)%00%(upstream:track)%00%(upstream:remotename)%00%(upstream:remoteref) refs/heads/origin/master refs/remotes/origin/master [8ms]
2024-07-15 21:25:31.065 [info] > git show --textconv :blocks.h [12ms]
2024-07-15 21:25:31.067 [info] > git ls-files --stage -- /home/carti/.config/dwmblocks/blocks.h [3ms]
2024-07-15 21:26:25.737 [info] > git config --get commit.template [8ms]
2024-07-15 21:26:25.739 [info] > git for-each-ref --format=%(refname)%00%(upstream:short)%00%(objectname)%00%(upstream:track)%00%(upstream:remotename)%00%(upstream:remoteref) refs/heads/master refs/remotes/master [3ms]
2024-07-15 21:26:25.746 [warning] ENOENT: no such file or directory, open '/home/carti/.config/dwmblocks/.git/refs/remotes/origin/master'
2024-07-15 21:26:25.748 [info] > git rev-parse refs/remotes/origin/master [2ms]
2024-07-15 21:26:25.756 [info] > git status -z -uall [4ms]
2024-07-15 21:26:25.786 [info] > git for-each-ref --format=%(refname)%00%(upstream:short)%00%(objectname)%00%(upstream:track)%00%(upstream:remotename)%00%(upstream:remoteref) refs/heads/master refs/remotes/master [12ms]
2024-07-15 21:26:25.856 [info] > git config --local branch.master.vscode-merge-base [6ms]
2024-07-15 21:26:25.869 [info] > git for-each-ref --format=%(refname)%00%(upstream:short)%00%(objectname)%00%(upstream:track)%00%(upstream:remotename)%00%(upstream:remoteref) refs/heads/origin/master refs/remotes/origin/master [4ms]
2024-07-15 21:26:42.865 [info] > git config --get commit.template [10ms]
2024-07-15 21:26:42.867 [info] > git for-each-ref --format=%(refname)%00%(upstream:short)%00%(objectname)%00%(upstream:track)%00%(upstream:remotename)%00%(upstream:remoteref) refs/heads/master refs/remotes/master [3ms]
2024-07-15 21:26:42.872 [warning] ENOENT: no such file or directory, open '/home/carti/.config/dwmblocks/.git/refs/remotes/origin/master'
2024-07-15 21:26:42.875 [info] > git rev-parse refs/remotes/origin/master [3ms]
2024-07-15 21:26:42.883 [info] > git status -z -uall [4ms]
2024-07-15 21:26:42.910 [info] > git for-each-ref --format=%(refname)%00%(upstream:short)%00%(objectname)%00%(upstream:track)%00%(upstream:remotename)%00%(upstream:remoteref) refs/heads/master refs/remotes/master [7ms]
2024-07-15 21:26:42.921 [info] > git config --local branch.master.vscode-merge-base [3ms]
2024-07-15 21:26:42.930 [info] > git for-each-ref --format=%(refname)%00%(upstream:short)%00%(objectname)%00%(upstream:track)%00%(upstream:remotename)%00%(upstream:remoteref) refs/heads/origin/master refs/remotes/origin/master [2ms]
2024-07-15 21:27:49.676 [info] > git config --get commit.template [3ms]
2024-07-15 21:27:49.701 [info] > git for-each-ref --format=%(refname)%00%(upstream:short)%00%(objectname)%00%(upstream:track)%00%(upstream:remotename)%00%(upstream:remoteref) refs/heads/master refs/remotes/master [4ms]
2024-07-15 21:27:49.709 [warning] ENOENT: no such file or directory, open '/home/carti/.config/dwmblocks/.git/refs/remotes/origin/master'
2024-07-15 21:27:49.712 [info] > git rev-parse refs/remotes/origin/master [3ms]
2024-07-15 21:27:49.724 [info] > git status -z -uall [6ms]
2024-07-15 21:27:49.744 [info] > git for-each-ref --format=%(refname)%00%(upstream:short)%00%(objectname)%00%(upstream:track)%00%(upstream:remotename)%00%(upstream:remoteref) refs/heads/master refs/remotes/master [6ms]
2024-07-15 21:27:49.756 [info] > git config --local branch.master.vscode-merge-base [6ms]
2024-07-15 21:27:49.765 [info] > git for-each-ref --format=%(refname)%00%(upstream:short)%00%(objectname)%00%(upstream:track)%00%(upstream:remotename)%00%(upstream:remoteref) refs/heads/origin/master refs/remotes/origin/master [3ms]
2024-07-15 21:29:36.916 [info] > git config --get commit.template [9ms]
2024-07-15 21:29:36.920 [info] > git for-each-ref --format=%(refname)%00%(upstream:short)%00%(objectname)%00%(upstream:track)%00%(upstream:remotename)%00%(upstream:remoteref) refs/heads/master refs/remotes/master [6ms]
2024-07-15 21:29:36.927 [warning] ENOENT: no such file or directory, open '/home/carti/.config/dwmblocks/.git/refs/remotes/origin/master'
2024-07-15 21:29:36.932 [info] > git rev-parse refs/remotes/origin/master [5ms]
2024-07-15 21:29:36.946 [info] > git status -z -uall [6ms]
2024-07-15 21:29:36.962 [info] > git for-each-ref --format=%(refname)%00%(upstream:short)%00%(objectname)%00%(upstream:track)%00%(upstream:remotename)%00%(upstream:remoteref) refs/heads/master refs/remotes/master [5ms]
2024-07-15 21:29:36.972 [info] > git config --local branch.master.vscode-merge-base [4ms]
2024-07-15 21:29:36.981 [info] > git for-each-ref --format=%(refname)%00%(upstream:short)%00%(objectname)%00%(upstream:track)%00%(upstream:remotename)%00%(upstream:remoteref) refs/heads/origin/master refs/remotes/origin/master [3ms]
2024-07-15 21:29:41.980 [info] > git config --get commit.template [8ms]
2024-07-15 21:29:41.981 [info] > git for-each-ref --format=%(refname)%00%(upstream:short)%00%(objectname)%00%(upstream:track)%00%(upstream:remotename)%00%(upstream:remoteref) refs/heads/master refs/remotes/master [3ms]
2024-07-15 21:29:41.986 [warning] ENOENT: no such file or directory, open '/home/carti/.config/dwmblocks/.git/refs/remotes/origin/master'
2024-07-15 21:29:41.988 [info] > git rev-parse refs/remotes/origin/master [2ms]
2024-07-15 21:29:41.995 [info] > git status -z -uall [3ms]
2024-07-15 21:29:42.006 [info] > git for-each-ref --format=%(refname)%00%(upstream:short)%00%(objectname)%00%(upstream:track)%00%(upstream:remotename)%00%(upstream:remoteref) refs/heads/master refs/remotes/master [4ms]
2024-07-15 21:29:42.014 [info] > git config --local branch.master.vscode-merge-base [2ms]
2024-07-15 21:29:42.032 [info] > git for-each-ref --format=%(refname)%00%(upstream:short)%00%(objectname)%00%(upstream:track)%00%(upstream:remotename)%00%(upstream:remoteref) refs/heads/origin/master refs/remotes/origin/master [3ms]
2024-07-15 21:30:12.502 [info] > git config --get commit.template [28ms]
2024-07-15 21:30:12.504 [info] > git for-each-ref --format=%(refname)%00%(upstream:short)%00%(objectname)%00%(upstream:track)%00%(upstream:remotename)%00%(upstream:remoteref) refs/heads/master refs/remotes/master [4ms]
2024-07-15 21:30:12.518 [warning] ENOENT: no such file or directory, open '/home/carti/.config/dwmblocks/.git/refs/remotes/origin/master'
2024-07-15 21:30:12.521 [info] > git rev-parse refs/remotes/origin/master [4ms]
2024-07-15 21:30:12.536 [info] > git status -z -uall [8ms]
2024-07-15 21:30:12.554 [info] > git for-each-ref --format=%(refname)%00%(upstream:short)%00%(objectname)%00%(upstream:track)%00%(upstream:remotename)%00%(upstream:remoteref) refs/heads/master refs/remotes/master [6ms]
2024-07-15 21:30:12.569 [info] > git config --local branch.master.vscode-merge-base [2ms]
2024-07-15 21:30:12.584 [info] > git for-each-ref --format=%(refname)%00%(upstream:short)%00%(objectname)%00%(upstream:track)%00%(upstream:remotename)%00%(upstream:remoteref) refs/heads/origin/master refs/remotes/origin/master [6ms]
2024-07-15 21:31:18.110 [info] > git config --get commit.template [17ms]
2024-07-15 21:31:18.121 [info] > git for-each-ref --format=%(refname)%00%(upstream:short)%00%(objectname)%00%(upstream:track)%00%(upstream:remotename)%00%(upstream:remoteref) refs/heads/master refs/remotes/master [12ms]
2024-07-15 21:31:18.137 [warning] ENOENT: no such file or directory, open '/home/carti/.config/dwmblocks/.git/refs/remotes/origin/master'
2024-07-15 21:31:18.141 [info] > git rev-parse refs/remotes/origin/master [4ms]
2024-07-15 21:31:18.156 [info] > git status -z -uall [5ms]
2024-07-15 21:31:18.184 [info] > git for-each-ref --format=%(refname)%00%(upstream:short)%00%(objectname)%00%(upstream:track)%00%(upstream:remotename)%00%(upstream:remoteref) refs/heads/master refs/remotes/master [10ms]
2024-07-15 21:31:18.212 [info] > git config --local branch.master.vscode-merge-base [10ms]
2024-07-15 21:31:18.280 [info] > git for-each-ref --format=%(refname)%00%(upstream:short)%00%(objectname)%00%(upstream:track)%00%(upstream:remotename)%00%(upstream:remoteref) refs/heads/origin/master refs/remotes/origin/master [50ms]
2024-07-15 21:33:52.659 [info] > git show --textconv :scripts/volume.sh [20ms]
2024-07-15 21:33:52.660 [info] > git ls-files --stage -- /home/carti/.config/dwmblocks/scripts/volume.sh [4ms]
2024-07-15 21:36:21.368 [info] > git config --get commit.template [19ms]
2024-07-15 21:36:21.373 [info] > git for-each-ref --format=%(refname)%00%(upstream:short)%00%(objectname)%00%(upstream:track)%00%(upstream:remotename)%00%(upstream:remoteref) refs/heads/master refs/remotes/master [8ms]
2024-07-15 21:36:21.393 [warning] ENOENT: no such file or directory, open '/home/carti/.config/dwmblocks/.git/refs/remotes/origin/master'
2024-07-15 21:36:21.396 [info] > git rev-parse refs/remotes/origin/master [4ms]
2024-07-15 21:36:21.413 [info] > git status -z -uall [7ms]
2024-07-15 21:36:21.430 [info] > git for-each-ref --format=%(refname)%00%(upstream:short)%00%(objectname)%00%(upstream:track)%00%(upstream:remotename)%00%(upstream:remoteref) refs/heads/master refs/remotes/master [5ms]
2024-07-15 21:36:21.441 [info] > git config --local branch.master.vscode-merge-base [3ms]
2024-07-15 21:36:21.458 [info] > git for-each-ref --format=%(refname)%00%(upstream:short)%00%(objectname)%00%(upstream:track)%00%(upstream:remotename)%00%(upstream:remoteref) refs/heads/origin/master refs/remotes/origin/master [3ms]
2024-07-15 21:37:27.650 [info] > git config --get commit.template [3ms]
2024-07-15 21:37:27.660 [info] > git for-each-ref --format=%(refname)%00%(upstream:short)%00%(objectname)%00%(upstream:track)%00%(upstream:remotename)%00%(upstream:remoteref) refs/heads/master refs/remotes/master [3ms]
2024-07-15 21:37:27.670 [warning] ENOENT: no such file or directory, open '/home/carti/.config/dwmblocks/.git/refs/remotes/origin/master'
2024-07-15 21:37:27.675 [info] > git rev-parse refs/remotes/origin/master [9ms]
2024-07-15 21:37:27.689 [info] > git status -z -uall [4ms]
2024-07-15 21:37:27.701 [info] > git for-each-ref --format=%(refname)%00%(upstream:short)%00%(objectname)%00%(upstream:track)%00%(upstream:remotename)%00%(upstream:remoteref) refs/heads/master refs/remotes/master [5ms]
2024-07-15 21:37:27.709 [info] > git config --local branch.master.vscode-merge-base [2ms]
2024-07-15 21:37:27.718 [info] > git for-each-ref --format=%(refname)%00%(upstream:short)%00%(objectname)%00%(upstream:track)%00%(upstream:remotename)%00%(upstream:remoteref) refs/heads/origin/master refs/remotes/origin/master [2ms]
2024-07-15 21:38:01.110 [info] > git show --textconv :blocks.h [12ms]
2024-07-15 21:38:01.114 [info] > git ls-files --stage -- /home/carti/.config/dwmblocks/blocks.h [6ms]
2024-07-15 21:38:37.038 [info] > git config --get commit.template [21ms]
2024-07-15 21:38:37.040 [info] > git for-each-ref --format=%(refname)%00%(upstream:short)%00%(objectname)%00%(upstream:track)%00%(upstream:remotename)%00%(upstream:remoteref) refs/heads/master refs/remotes/master [3ms]
2024-07-15 21:38:37.049 [warning] ENOENT: no such file or directory, open '/home/carti/.config/dwmblocks/.git/refs/remotes/origin/master'
2024-07-15 21:38:37.051 [info] > git rev-parse refs/remotes/origin/master [2ms]
2024-07-15 21:38:37.067 [info] > git status -z -uall [4ms]
2024-07-15 21:38:37.084 [info] > git for-each-ref --format=%(refname)%00%(upstream:short)%00%(objectname)%00%(upstream:track)%00%(upstream:remotename)%00%(upstream:remoteref) refs/heads/master refs/remotes/master [4ms]
2024-07-15 21:38:37.095 [info] > git config --local branch.master.vscode-merge-base [1ms]
2024-07-15 21:38:37.108 [info] > git for-each-ref --format=%(refname)%00%(upstream:short)%00%(objectname)%00%(upstream:track)%00%(upstream:remotename)%00%(upstream:remoteref) refs/heads/origin/master refs/remotes/origin/master [5ms]
2024-07-15 21:38:42.508 [info] > git config --get commit.template [30ms]
2024-07-15 21:38:42.512 [info] > git for-each-ref --format=%(refname)%00%(upstream:short)%00%(objectname)%00%(upstream:track)%00%(upstream:remotename)%00%(upstream:remoteref) refs/heads/master refs/remotes/master [5ms]
2024-07-15 21:38:42.519 [warning] ENOENT: no such file or directory, open '/home/carti/.config/dwmblocks/.git/refs/remotes/origin/master'
2024-07-15 21:38:42.522 [info] > git rev-parse refs/remotes/origin/master [3ms]
2024-07-15 21:38:42.532 [info] > git status -z -uall [3ms]
2024-07-15 21:38:42.547 [info] > git for-each-ref --format=%(refname)%00%(upstream:short)%00%(objectname)%00%(upstream:track)%00%(upstream:remotename)%00%(upstream:remoteref) refs/heads/master refs/remotes/master [3ms]
2024-07-15 21:38:42.558 [info] > git config --local branch.master.vscode-merge-base [3ms]
2024-07-15 21:38:42.567 [info] > git for-each-ref --format=%(refname)%00%(upstream:short)%00%(objectname)%00%(upstream:track)%00%(upstream:remotename)%00%(upstream:remoteref) refs/heads/origin/master refs/remotes/origin/master [0ms]
2024-07-15 21:38:53.137 [info] > git show --textconv :scripts/volume.sh [13ms]
2024-07-15 21:38:53.137 [info] > git ls-files --stage -- /home/carti/.config/dwmblocks/scripts/volume.sh [3ms]
2024-07-15 21:44:30.705 [info] > git show --textconv :scripts/time.sh [8ms]
2024-07-15 21:44:30.707 [info] > git ls-files --stage -- /home/carti/.config/dwmblocks/scripts/time.sh [3ms]
2024-07-15 21:47:22.175 [info] > git config --get commit.template [13ms]
2024-07-15 21:47:22.178 [info] > git for-each-ref --format=%(refname)%00%(upstream:short)%00%(objectname)%00%(upstream:track)%00%(upstream:remotename)%00%(upstream:remoteref) refs/heads/master refs/remotes/master [5ms]
2024-07-15 21:47:22.183 [warning] ENOENT: no such file or directory, open '/home/carti/.config/dwmblocks/.git/refs/remotes/origin/master'
2024-07-15 21:47:22.185 [info] > git rev-parse refs/remotes/origin/master [2ms]
2024-07-15 21:47:22.193 [info] > git status -z -uall [3ms]
2024-07-15 21:47:22.205 [info] > git for-each-ref --format=%(refname)%00%(upstream:short)%00%(objectname)%00%(upstream:track)%00%(upstream:remotename)%00%(upstream:remoteref) refs/heads/master refs/remotes/master [4ms]
2024-07-15 21:47:22.213 [info] > git config --local branch.master.vscode-merge-base [3ms]
2024-07-15 21:47:22.223 [info] > git for-each-ref --format=%(refname)%00%(upstream:short)%00%(objectname)%00%(upstream:track)%00%(upstream:remotename)%00%(upstream:remoteref) refs/heads/origin/master refs/remotes/origin/master [3ms]
2024-07-15 21:48:05.514 [info] > git config --get commit.template [18ms]
2024-07-15 21:48:05.517 [info] > git for-each-ref --format=%(refname)%00%(upstream:short)%00%(objectname)%00%(upstream:track)%00%(upstream:remotename)%00%(upstream:remoteref) refs/heads/master refs/remotes/master [5ms]
2024-07-15 21:48:05.523 [warning] ENOENT: no such file or directory, open '/home/carti/.config/dwmblocks/.git/refs/remotes/origin/master'
2024-07-15 21:48:05.525 [info] > git rev-parse refs/remotes/origin/master [2ms]
2024-07-15 21:48:05.532 [info] > git status -z -uall [3ms]
2024-07-15 21:48:05.545 [info] > git for-each-ref --format=%(refname)%00%(upstream:short)%00%(objectname)%00%(upstream:track)%00%(upstream:remotename)%00%(upstream:remoteref) refs/heads/master refs/remotes/master [5ms]
2024-07-15 21:48:05.556 [info] > git config --local branch.master.vscode-merge-base [3ms]
2024-07-15 21:48:05.567 [info] > git for-each-ref --format=%(refname)%00%(upstream:short)%00%(objectname)%00%(upstream:track)%00%(upstream:remotename)%00%(upstream:remoteref) refs/heads/origin/master refs/remotes/origin/master [5ms]
2024-07-15 21:48:21.397 [info] > git config --get commit.template [7ms]
2024-07-15 21:48:21.399 [info] > git for-each-ref --format=%(refname)%00%(upstream:short)%00%(objectname)%00%(upstream:track)%00%(upstream:remotename)%00%(upstream:remoteref) refs/heads/master refs/remotes/master [3ms]
2024-07-15 21:48:21.404 [warning] ENOENT: no such file or directory, open '/home/carti/.config/dwmblocks/.git/refs/remotes/origin/master'
2024-07-15 21:48:21.409 [info] > git rev-parse refs/remotes/origin/master [5ms]
2024-07-15 21:48:21.424 [info] > git status -z -uall [3ms]
2024-07-15 21:48:21.437 [info] > git for-each-ref --format=%(refname)%00%(upstream:short)%00%(objectname)%00%(upstream:track)%00%(upstream:remotename)%00%(upstream:remoteref) refs/heads/master refs/remotes/master [4ms]
2024-07-15 21:48:21.444 [info] > git config --local branch.master.vscode-merge-base [2ms]
2024-07-15 21:48:21.451 [info] > git for-each-ref --format=%(refname)%00%(upstream:short)%00%(objectname)%00%(upstream:track)%00%(upstream:remotename)%00%(upstream:remoteref) refs/heads/origin/master refs/remotes/origin/master [2ms]
2024-07-20 12:15:48.894 [info] > git config --get commit.template [7ms]
2024-07-20 12:15:48.907 [info] > git for-each-ref --format=%(refname)%00%(upstream:short)%00%(objectname)%00%(upstream:track)%00%(upstream:remotename)%00%(upstream:remoteref) refs/heads/master refs/remotes/master [5ms]
2024-07-20 12:15:48.912 [warning] ENOENT: no such file or directory, open '/home/carti/.config/dwmblocks/.git/refs/remotes/origin/master'
2024-07-20 12:15:48.915 [info] > git rev-parse refs/remotes/origin/master [3ms]
2024-07-20 12:15:48.923 [info] > git status -z -uall [3ms]
2024-07-20 12:15:48.943 [info] > git for-each-ref --format=%(refname)%00%(upstream:short)%00%(objectname)%00%(upstream:track)%00%(upstream:remotename)%00%(upstream:remoteref) refs/heads/master refs/remotes/master [11ms]
2024-07-20 12:15:48.957 [info] > git config --local branch.master.vscode-merge-base [3ms]
2024-07-20 12:15:48.965 [info] > git for-each-ref --format=%(refname)%00%(upstream:short)%00%(objectname)%00%(upstream:track)%00%(upstream:remotename)%00%(upstream:remoteref) refs/heads/origin/master refs/remotes/origin/master [3ms]
2024-07-20 12:16:30.903 [info] > git config --get commit.template [9ms]
2024-07-20 12:16:30.904 [info] > git for-each-ref --format=%(refname)%00%(upstream:short)%00%(objectname)%00%(upstream:track)%00%(upstream:remotename)%00%(upstream:remoteref) refs/heads/master refs/remotes/master [3ms]
2024-07-20 12:16:30.909 [warning] ENOENT: no such file or directory, open '/home/carti/.config/dwmblocks/.git/refs/remotes/origin/master'
2024-07-20 12:16:30.911 [info] > git rev-parse refs/remotes/origin/master [2ms]
2024-07-20 12:16:30.918 [info] > git status -z -uall [3ms]
2024-07-20 12:16:30.954 [info] > git for-each-ref --format=%(refname)%00%(upstream:short)%00%(objectname)%00%(upstream:track)%00%(upstream:remotename)%00%(upstream:remoteref) refs/heads/master refs/remotes/master [1ms]
2024-07-20 12:16:30.965 [info] > git config --local branch.master.vscode-merge-base [1ms]
2024-07-20 12:16:30.977 [info] > git for-each-ref --format=%(refname)%00%(upstream:short)%00%(objectname)%00%(upstream:track)%00%(upstream:remotename)%00%(upstream:remoteref) refs/heads/origin/master refs/remotes/origin/master [3ms]
2024-07-20 12:16:31.779 [info] > git show --textconv :scripts/date.sh [18ms]
2024-07-20 12:16:31.782 [info] > git ls-files --stage -- /home/carti/.config/dwmblocks/scripts/date.sh [4ms]
2024-07-20 12:16:41.200 [info] > git config --get commit.template [8ms]
2024-07-20 12:16:41.202 [info] > git for-each-ref --format=%(refname)%00%(upstream:short)%00%(objectname)%00%(upstream:track)%00%(upstream:remotename)%00%(upstream:remoteref) refs/heads/master refs/remotes/master [3ms]
2024-07-20 12:16:41.206 [warning] ENOENT: no such file or directory, open '/home/carti/.config/dwmblocks/.git/refs/remotes/origin/master'
2024-07-20 12:16:41.208 [info] > git rev-parse refs/remotes/origin/master [2ms]
2024-07-20 12:16:41.217 [info] > git status -z -uall [3ms]
2024-07-20 12:16:41.229 [info] > git for-each-ref --format=%(refname)%00%(upstream:short)%00%(objectname)%00%(upstream:track)%00%(upstream:remotename)%00%(upstream:remoteref) refs/heads/master refs/remotes/master [5ms]
2024-07-20 12:16:41.236 [info] > git config --local branch.master.vscode-merge-base [2ms]
2024-07-20 12:16:41.251 [info] > git for-each-ref --format=%(refname)%00%(upstream:short)%00%(objectname)%00%(upstream:track)%00%(upstream:remotename)%00%(upstream:remoteref) refs/heads/origin/master refs/remotes/origin/master [3ms]
2024-07-20 12:16:47.738 [info] > git config --get commit.template [20ms]
2024-07-20 12:16:47.742 [info] > git for-each-ref --format=%(refname)%00%(upstream:short)%00%(objectname)%00%(upstream:track)%00%(upstream:remotename)%00%(upstream:remoteref) refs/heads/master refs/remotes/master [5ms]
2024-07-20 12:16:47.751 [warning] ENOENT: no such file or directory, open '/home/carti/.config/dwmblocks/.git/refs/remotes/origin/master'
2024-07-20 12:16:47.770 [info] > git rev-parse refs/remotes/origin/master [19ms]
2024-07-20 12:16:47.783 [info] > git status -z -uall [5ms]
2024-07-20 12:16:47.793 [info] > git for-each-ref --format=%(refname)%00%(upstream:short)%00%(objectname)%00%(upstream:track)%00%(upstream:remotename)%00%(upstream:remoteref) refs/heads/master refs/remotes/master [4ms]
2024-07-20 12:16:47.801 [info] > git config --local branch.master.vscode-merge-base [3ms]
2024-07-20 12:16:47.824 [info] > git for-each-ref --format=%(refname)%00%(upstream:short)%00%(objectname)%00%(upstream:track)%00%(upstream:remotename)%00%(upstream:remoteref) refs/heads/origin/master refs/remotes/origin/master [4ms]
2024-07-20 12:17:03.107 [info] > git config --get commit.template [2ms]
2024-07-20 12:17:03.119 [info] > git for-each-ref --format=%(refname)%00%(upstream:short)%00%(objectname)%00%(upstream:track)%00%(upstream:remotename)%00%(upstream:remoteref) refs/heads/master refs/remotes/master [4ms]
2024-07-20 12:17:03.125 [warning] ENOENT: no such file or directory, open '/home/carti/.config/dwmblocks/.git/refs/remotes/origin/master'
2024-07-20 12:17:03.128 [info] > git rev-parse refs/remotes/origin/master [3ms]
2024-07-20 12:17:03.136 [info] > git status -z -uall [3ms]
2024-07-20 12:17:03.148 [info] > git for-each-ref --format=%(refname)%00%(upstream:short)%00%(objectname)%00%(upstream:track)%00%(upstream:remotename)%00%(upstream:remoteref) refs/heads/master refs/remotes/master [5ms]
2024-07-20 12:17:03.156 [info] > git config --local branch.master.vscode-merge-base [2ms]
2024-07-20 12:17:03.163 [info] > git for-each-ref --format=%(refname)%00%(upstream:short)%00%(objectname)%00%(upstream:track)%00%(upstream:remotename)%00%(upstream:remoteref) refs/heads/origin/master refs/remotes/origin/master [2ms]
2024-07-20 12:17:20.485 [info] > git config --get commit.template [7ms]
2024-07-20 12:17:20.486 [info] > git for-each-ref --format=%(refname)%00%(upstream:short)%00%(objectname)%00%(upstream:track)%00%(upstream:remotename)%00%(upstream:remoteref) refs/heads/master refs/remotes/master [3ms]
2024-07-20 12:17:20.492 [warning] ENOENT: no such file or directory, open '/home/carti/.config/dwmblocks/.git/refs/remotes/origin/master'
2024-07-20 12:17:20.495 [info] > git rev-parse refs/remotes/origin/master [3ms]
2024-07-20 12:17:20.504 [info] > git status -z -uall [5ms]
2024-07-20 12:17:20.521 [info] > git for-each-ref --format=%(refname)%00%(upstream:short)%00%(objectname)%00%(upstream:track)%00%(upstream:remotename)%00%(upstream:remoteref) refs/heads/master refs/remotes/master [6ms]
2024-07-20 12:17:20.530 [info] > git config --local branch.master.vscode-merge-base [3ms]
2024-07-20 12:17:20.539 [info] > git for-each-ref --format=%(refname)%00%(upstream:short)%00%(objectname)%00%(upstream:track)%00%(upstream:remotename)%00%(upstream:remoteref) refs/heads/origin/master refs/remotes/origin/master [3ms]
2024-07-20 12:17:27.908 [info] > git config --get commit.template [12ms]
2024-07-20 12:17:27.910 [info] > git for-each-ref --format=%(refname)%00%(upstream:short)%00%(objectname)%00%(upstream:track)%00%(upstream:remotename)%00%(upstream:remoteref) refs/heads/master refs/remotes/master [3ms]
2024-07-20 12:17:27.917 [warning] ENOENT: no such file or directory, open '/home/carti/.config/dwmblocks/.git/refs/remotes/origin/master'
2024-07-20 12:17:27.919 [info] > git rev-parse refs/remotes/origin/master [2ms]
2024-07-20 12:17:27.928 [info] > git status -z -uall [4ms]
2024-07-20 12:17:27.943 [info] > git for-each-ref --format=%(refname)%00%(upstream:short)%00%(objectname)%00%(upstream:track)%00%(upstream:remotename)%00%(upstream:remoteref) refs/heads/master refs/remotes/master [2ms]
2024-07-20 12:17:27.951 [info] > git config --local branch.master.vscode-merge-base [2ms]
2024-07-20 12:17:27.959 [info] > git for-each-ref --format=%(refname)%00%(upstream:short)%00%(objectname)%00%(upstream:track)%00%(upstream:remotename)%00%(upstream:remoteref) refs/heads/origin/master refs/remotes/origin/master [3ms]
2024-07-20 12:17:38.563 [info] > git config --get commit.template [7ms]
2024-07-20 12:17:38.576 [info] > git for-each-ref --format=%(refname)%00%(upstream:short)%00%(objectname)%00%(upstream:track)%00%(upstream:remotename)%00%(upstream:remoteref) refs/heads/master refs/remotes/master [3ms]
2024-07-20 12:17:38.584 [warning] ENOENT: no such file or directory, open '/home/carti/.config/dwmblocks/.git/refs/remotes/origin/master'
2024-07-20 12:17:38.586 [info] > git rev-parse refs/remotes/origin/master [3ms]
2024-07-20 12:17:38.596 [info] > git status -z -uall [4ms]
2024-07-20 12:17:38.607 [info] > git for-each-ref --format=%(refname)%00%(upstream:short)%00%(objectname)%00%(upstream:track)%00%(upstream:remotename)%00%(upstream:remoteref) refs/heads/master refs/remotes/master [3ms]
2024-07-20 12:17:38.617 [info] > git config --local branch.master.vscode-merge-base [2ms]
2024-07-20 12:17:38.623 [info] > git for-each-ref --format=%(refname)%00%(upstream:short)%00%(objectname)%00%(upstream:track)%00%(upstream:remotename)%00%(upstream:remoteref) refs/heads/origin/master refs/remotes/origin/master [2ms]
2024-07-20 12:18:04.896 [info] > git config --get commit.template [8ms]
2024-07-20 12:18:04.898 [info] > git for-each-ref --format=%(refname)%00%(upstream:short)%00%(objectname)%00%(upstream:track)%00%(upstream:remotename)%00%(upstream:remoteref) refs/heads/master refs/remotes/master [3ms]
2024-07-20 12:18:04.903 [warning] ENOENT: no such file or directory, open '/home/carti/.config/dwmblocks/.git/refs/remotes/origin/master'
2024-07-20 12:18:04.906 [info] > git rev-parse refs/remotes/origin/master [3ms]
2024-07-20 12:18:04.914 [info] > git status -z -uall [3ms]
2024-07-20 12:18:04.928 [info] > git for-each-ref --format=%(refname)%00%(upstream:short)%00%(objectname)%00%(upstream:track)%00%(upstream:remotename)%00%(upstream:remoteref) refs/heads/master refs/remotes/master [3ms]
2024-07-20 12:18:04.939 [info] > git config --local branch.master.vscode-merge-base [1ms]
2024-07-20 12:18:04.951 [info] > git for-each-ref --format=%(refname)%00%(upstream:short)%00%(objectname)%00%(upstream:track)%00%(upstream:remotename)%00%(upstream:remoteref) refs/heads/origin/master refs/remotes/origin/master [2ms]
2024-07-20 12:18:17.855 [info] > git config --get commit.template [7ms]
2024-07-20 12:18:17.857 [info] > git for-each-ref --format=%(refname)%00%(upstream:short)%00%(objectname)%00%(upstream:track)%00%(upstream:remotename)%00%(upstream:remoteref) refs/heads/master refs/remotes/master [3ms]
2024-07-20 12:18:17.861 [warning] ENOENT: no such file or directory, open '/home/carti/.config/dwmblocks/.git/refs/remotes/origin/master'
2024-07-20 12:18:17.863 [info] > git rev-parse refs/remotes/origin/master [2ms]
2024-07-20 12:18:17.875 [info] > git status -z -uall [6ms]
2024-07-20 12:18:17.900 [info] > git for-each-ref --format=%(refname)%00%(upstream:short)%00%(objectname)%00%(upstream:track)%00%(upstream:remotename)%00%(upstream:remoteref) refs/heads/master refs/remotes/master [5ms]
2024-07-20 12:18:17.910 [info] > git config --local branch.master.vscode-merge-base [4ms]
2024-07-20 12:18:17.918 [info] > git for-each-ref --format=%(refname)%00%(upstream:short)%00%(objectname)%00%(upstream:track)%00%(upstream:remotename)%00%(upstream:remoteref) refs/heads/origin/master refs/remotes/origin/master [2ms]
2024-07-20 12:18:22.959 [info] > git config --get commit.template [23ms]
2024-07-20 12:18:22.963 [info] > git for-each-ref --format=%(refname)%00%(upstream:short)%00%(objectname)%00%(upstream:track)%00%(upstream:remotename)%00%(upstream:remoteref) refs/heads/master refs/remotes/master [6ms]
2024-07-20 12:18:22.975 [warning] ENOENT: no such file or directory, open '/home/carti/.config/dwmblocks/.git/refs/remotes/origin/master'
2024-07-20 12:18:22.983 [info] > git rev-parse refs/remotes/origin/master [8ms]
2024-07-20 12:18:23.001 [info] > git status -z -uall [9ms]
2024-07-20 12:18:23.042 [info] > git for-each-ref --format=%(refname)%00%(upstream:short)%00%(objectname)%00%(upstream:track)%00%(upstream:remotename)%00%(upstream:remoteref) refs/heads/master refs/remotes/master [13ms]
2024-07-20 12:18:23.056 [info] > git config --local branch.master.vscode-merge-base [4ms]
2024-07-20 12:18:23.067 [info] > git for-each-ref --format=%(refname)%00%(upstream:short)%00%(objectname)%00%(upstream:track)%00%(upstream:remotename)%00%(upstream:remoteref) refs/heads/origin/master refs/remotes/origin/master [2ms]
2024-07-20 12:18:51.747 [info] > git config --get commit.template [8ms]
2024-07-20 12:18:51.750 [info] > git for-each-ref --format=%(refname)%00%(upstream:short)%00%(objectname)%00%(upstream:track)%00%(upstream:remotename)%00%(upstream:remoteref) refs/heads/master refs/remotes/master [4ms]
2024-07-20 12:18:51.757 [warning] ENOENT: no such file or directory, open '/home/carti/.config/dwmblocks/.git/refs/remotes/origin/master'
2024-07-20 12:18:51.760 [info] > git rev-parse refs/remotes/origin/master [3ms]
2024-07-20 12:18:51.770 [info] > git status -z -uall [5ms]
2024-07-20 12:18:51.802 [info] > git for-each-ref --format=%(refname)%00%(upstream:short)%00%(objectname)%00%(upstream:track)%00%(upstream:remotename)%00%(upstream:remoteref) refs/heads/master refs/remotes/master [7ms]
2024-07-20 12:18:51.813 [info] > git config --local branch.master.vscode-merge-base [3ms]
2024-07-20 12:18:51.821 [info] > git for-each-ref --format=%(refname)%00%(upstream:short)%00%(objectname)%00%(upstream:track)%00%(upstream:remotename)%00%(upstream:remoteref) refs/heads/origin/master refs/remotes/origin/master [3ms]
2024-07-20 12:26:29.694 [info] > git show --textconv :scripts/netconn.sh [8ms]
2024-07-20 12:26:29.696 [info] > git ls-files --stage -- /home/carti/.config/dwmblocks/scripts/netconn.sh [3ms]
2024-07-20 12:26:29.973 [info] > git check-ignore -v -z --stdin [5ms]
2024-07-20 12:26:30.523 [info] > git config --get commit.template [7ms]
2024-07-20 12:26:30.525 [info] > git for-each-ref --format=%(refname)%00%(upstream:short)%00%(objectname)%00%(upstream:track)%00%(upstream:remotename)%00%(upstream:remoteref) refs/heads/master refs/remotes/master [3ms]
2024-07-20 12:26:30.529 [warning] ENOENT: no such file or directory, open '/home/carti/.config/dwmblocks/.git/refs/remotes/origin/master'
2024-07-20 12:26:30.532 [info] > git rev-parse refs/remotes/origin/master [3ms]
2024-07-20 12:26:30.538 [info] > git status -z -uall [2ms]
2024-07-20 12:26:30.552 [info] > git for-each-ref --format=%(refname)%00%(upstream:short)%00%(objectname)%00%(upstream:track)%00%(upstream:remotename)%00%(upstream:remoteref) refs/heads/master refs/remotes/master [4ms]
2024-07-20 12:26:30.573 [info] > git config --local branch.master.vscode-merge-base [3ms]
2024-07-20 12:26:30.582 [info] > git for-each-ref --format=%(refname)%00%(upstream:short)%00%(objectname)%00%(upstream:track)%00%(upstream:remotename)%00%(upstream:remoteref) refs/heads/origin/master refs/remotes/origin/master [3ms]
2024-07-20 12:28:23.399 [info] > git config --get commit.template [36ms]
2024-07-20 12:28:23.405 [info] > git for-each-ref --format=%(refname)%00%(upstream:short)%00%(objectname)%00%(upstream:track)%00%(upstream:remotename)%00%(upstream:remoteref) refs/heads/master refs/remotes/master [10ms]
2024-07-20 12:28:23.414 [warning] ENOENT: no such file or directory, open '/home/carti/.config/dwmblocks/.git/refs/remotes/origin/master'
2024-07-20 12:28:23.417 [info] > git rev-parse refs/remotes/origin/master [3ms]
2024-07-20 12:28:23.428 [info] > git status -z -uall [2ms]
2024-07-20 12:28:23.456 [info] > git for-each-ref --format=%(refname)%00%(upstream:short)%00%(objectname)%00%(upstream:track)%00%(upstream:remotename)%00%(upstream:remoteref) refs/heads/master refs/remotes/master [6ms]
2024-07-20 12:28:23.467 [info] > git config --local branch.master.vscode-merge-base [3ms]
2024-07-20 12:28:23.476 [info] > git for-each-ref --format=%(refname)%00%(upstream:short)%00%(objectname)%00%(upstream:track)%00%(upstream:remotename)%00%(upstream:remoteref) refs/heads/origin/master refs/remotes/origin/master [3ms]
2024-07-20 12:28:27.985 [info] > git show --textconv :blocks.h [10ms]
2024-07-20 12:28:27.988 [info] > git ls-files --stage -- /home/carti/.config/dwmblocks/blocks.h [4ms]
2024-07-20 12:29:16.435 [info] > git config --get commit.template [20ms]
2024-07-20 12:29:16.443 [info] > git for-each-ref --format=%(refname)%00%(upstream:short)%00%(objectname)%00%(upstream:track)%00%(upstream:remotename)%00%(upstream:remoteref) refs/heads/master refs/remotes/master [10ms]
2024-07-20 12:29:16.453 [warning] ENOENT: no such file or directory, open '/home/carti/.config/dwmblocks/.git/refs/remotes/origin/master'
2024-07-20 12:29:16.456 [info] > git rev-parse refs/remotes/origin/master [3ms]
2024-07-20 12:29:16.471 [info] > git status -z -uall [3ms]
2024-07-20 12:29:16.484 [info] > git for-each-ref --format=%(refname)%00%(upstream:short)%00%(objectname)%00%(upstream:track)%00%(upstream:remotename)%00%(upstream:remoteref) refs/heads/master refs/remotes/master [5ms]
2024-07-20 12:29:16.495 [info] > git config --local branch.master.vscode-merge-base [3ms]
2024-07-20 12:29:16.521 [info] > git for-each-ref --format=%(refname)%00%(upstream:short)%00%(objectname)%00%(upstream:track)%00%(upstream:remotename)%00%(upstream:remoteref) refs/heads/origin/master refs/remotes/origin/master [4ms]
2024-07-20 12:29:55.822 [info] > git config --get commit.template [8ms]
2024-07-20 12:29:55.824 [info] > git for-each-ref --format=%(refname)%00%(upstream:short)%00%(objectname)%00%(upstream:track)%00%(upstream:remotename)%00%(upstream:remoteref) refs/heads/master refs/remotes/master [3ms]
2024-07-20 12:29:55.828 [warning] ENOENT: no such file or directory, open '/home/carti/.config/dwmblocks/.git/refs/remotes/origin/master'
2024-07-20 12:29:55.830 [info] > git rev-parse refs/remotes/origin/master [2ms]
2024-07-20 12:29:55.839 [info] > git status -z -uall [3ms]
2024-07-20 12:29:55.849 [info] > git for-each-ref --format=%(refname)%00%(upstream:short)%00%(objectname)%00%(upstream:track)%00%(upstream:remotename)%00%(upstream:remoteref) refs/heads/master refs/remotes/master [3ms]
2024-07-20 12:29:55.864 [info] > git config --local branch.master.vscode-merge-base [8ms]
2024-07-20 12:29:55.873 [info] > git for-each-ref --format=%(refname)%00%(upstream:short)%00%(objectname)%00%(upstream:track)%00%(upstream:remotename)%00%(upstream:remoteref) refs/heads/origin/master refs/remotes/origin/master [3ms]
2024-07-20 12:30:00.894 [info] > git config --get commit.template [27ms]
2024-07-20 12:30:00.905 [info] > git for-each-ref --format=%(refname)%00%(upstream:short)%00%(objectname)%00%(upstream:track)%00%(upstream:remotename)%00%(upstream:remoteref) refs/heads/master refs/remotes/master [15ms]
2024-07-20 12:30:00.921 [warning] ENOENT: no such file or directory, open '/home/carti/.config/dwmblocks/.git/refs/remotes/origin/master'
2024-07-20 12:30:00.924 [info] > git rev-parse refs/remotes/origin/master [3ms]
2024-07-20 12:30:00.934 [info] > git status -z -uall [5ms]
2024-07-20 12:30:00.947 [info] > git for-each-ref --format=%(refname)%00%(upstream:short)%00%(objectname)%00%(upstream:track)%00%(upstream:remotename)%00%(upstream:remoteref) refs/heads/master refs/remotes/master [4ms]
2024-07-20 12:30:00.959 [info] > git config --local branch.master.vscode-merge-base [2ms]
2024-07-20 12:30:00.969 [info] > git for-each-ref --format=%(refname)%00%(upstream:short)%00%(objectname)%00%(upstream:track)%00%(upstream:remotename)%00%(upstream:remoteref) refs/heads/origin/master refs/remotes/origin/master [4ms]
2024-07-20 12:30:03.366 [info] > git show --textconv :scripts/netconn.sh [10ms]
2024-07-20 12:30:03.368 [info] > git ls-files --stage -- /home/carti/.config/dwmblocks/scripts/netconn.sh [3ms]
2024-07-20 12:33:55.949 [info] > git show --textconv :scripts/time.sh [8ms]
2024-07-20 12:33:55.951 [info] > git ls-files --stage -- /home/carti/.config/dwmblocks/scripts/time.sh [3ms]
2024-07-20 12:33:59.505 [info] > git show --textconv :scripts/volume.sh [18ms]
2024-07-20 12:33:59.506 [info] > git ls-files --stage -- /home/carti/.config/dwmblocks/scripts/volume.sh [3ms]
2024-07-20 12:34:03.445 [info] > git config --get commit.template [49ms]
2024-07-20 12:34:03.460 [info] > git for-each-ref --format=%(refname)%00%(upstream:short)%00%(objectname)%00%(upstream:track)%00%(upstream:remotename)%00%(upstream:remoteref) refs/heads/master refs/remotes/master [18ms]
2024-07-20 12:34:03.466 [warning] ENOENT: no such file or directory, open '/home/carti/.config/dwmblocks/.git/refs/remotes/origin/master'
2024-07-20 12:34:03.469 [info] > git rev-parse refs/remotes/origin/master [2ms]
2024-07-20 12:34:03.476 [info] > git status -z -uall [3ms]
2024-07-20 12:34:03.488 [info] > git for-each-ref --format=%(refname)%00%(upstream:short)%00%(objectname)%00%(upstream:track)%00%(upstream:remotename)%00%(upstream:remoteref) refs/heads/master refs/remotes/master [3ms]
2024-07-20 12:34:03.496 [info] > git config --local branch.master.vscode-merge-base [3ms]
2024-07-20 12:34:03.506 [info] > git for-each-ref --format=%(refname)%00%(upstream:short)%00%(objectname)%00%(upstream:track)%00%(upstream:remotename)%00%(upstream:remoteref) refs/heads/origin/master refs/remotes/origin/master [3ms]
2024-07-20 12:34:05.476 [info] > git show --textconv :scripts/netconn.sh [12ms]
2024-07-20 12:34:05.477 [info] > git ls-files --stage -- /home/carti/.config/dwmblocks/scripts/netconn.sh [2ms]
2024-07-20 12:34:14.666 [info] > git config --get commit.template [9ms]
2024-07-20 12:34:14.668 [info] > git for-each-ref --format=%(refname)%00%(upstream:short)%00%(objectname)%00%(upstream:track)%00%(upstream:remotename)%00%(upstream:remoteref) refs/heads/master refs/remotes/master [3ms]
2024-07-20 12:34:14.673 [warning] ENOENT: no such file or directory, open '/home/carti/.config/dwmblocks/.git/refs/remotes/origin/master'
2024-07-20 12:34:14.675 [info] > git rev-parse refs/remotes/origin/master [2ms]
2024-07-20 12:34:14.683 [info] > git status -z -uall [2ms]
2024-07-20 12:34:14.693 [info] > git for-each-ref --format=%(refname)%00%(upstream:short)%00%(objectname)%00%(upstream:track)%00%(upstream:remotename)%00%(upstream:remoteref) refs/heads/master refs/remotes/master [4ms]
2024-07-20 12:34:14.700 [info] > git config --local branch.master.vscode-merge-base [3ms]
2024-07-20 12:34:14.707 [info] > git for-each-ref --format=%(refname)%00%(upstream:short)%00%(objectname)%00%(upstream:track)%00%(upstream:remotename)%00%(upstream:remoteref) refs/heads/origin/master refs/remotes/origin/master [2ms]
2024-07-20 12:35:05.913 [info] > git config --get commit.template [4ms]
2024-07-20 12:35:05.920 [info] > git for-each-ref --format=%(refname)%00%(upstream:short)%00%(objectname)%00%(upstream:track)%00%(upstream:remotename)%00%(upstream:remoteref) refs/heads/master refs/remotes/master [3ms]
2024-07-20 12:35:05.928 [warning] ENOENT: no such file or directory, open '/home/carti/.config/dwmblocks/.git/refs/remotes/origin/master'
2024-07-20 12:35:05.932 [info] > git rev-parse refs/remotes/origin/master [5ms]
2024-07-20 12:35:05.945 [info] > git status -z -uall [4ms]
2024-07-20 12:35:05.958 [info] > git for-each-ref --format=%(refname)%00%(upstream:short)%00%(objectname)%00%(upstream:track)%00%(upstream:remotename)%00%(upstream:remoteref) refs/heads/master refs/remotes/master [2ms]
2024-07-20 12:35:05.966 [info] > git config --local branch.master.vscode-merge-base [3ms]
2024-07-20 12:35:05.973 [info] > git for-each-ref --format=%(refname)%00%(upstream:short)%00%(objectname)%00%(upstream:track)%00%(upstream:remotename)%00%(upstream:remoteref) refs/heads/origin/master refs/remotes/origin/master [2ms]
2024-07-20 12:35:34.426 [info] > git config --get commit.template [9ms]
2024-07-20 12:35:34.428 [info] > git for-each-ref --format=%(refname)%00%(upstream:short)%00%(objectname)%00%(upstream:track)%00%(upstream:remotename)%00%(upstream:remoteref) refs/heads/master refs/remotes/master [3ms]
2024-07-20 12:35:34.433 [warning] ENOENT: no such file or directory, open '/home/carti/.config/dwmblocks/.git/refs/remotes/origin/master'
2024-07-20 12:35:34.435 [info] > git rev-parse refs/remotes/origin/master [2ms]
2024-07-20 12:35:34.446 [info] > git status -z -uall [5ms]
2024-07-20 12:35:34.470 [info] > git for-each-ref --format=%(refname)%00%(upstream:short)%00%(objectname)%00%(upstream:track)%00%(upstream:remotename)%00%(upstream:remoteref) refs/heads/master refs/remotes/master [8ms]
2024-07-20 12:35:34.480 [info] > git config --local branch.master.vscode-merge-base [2ms]
2024-07-20 12:35:34.489 [info] > git for-each-ref --format=%(refname)%00%(upstream:short)%00%(objectname)%00%(upstream:track)%00%(upstream:remotename)%00%(upstream:remoteref) refs/heads/origin/master refs/remotes/origin/master [2ms]
2024-07-20 12:36:30.403 [info] > git config --get commit.template [8ms]
2024-07-20 12:36:30.405 [info] > git for-each-ref --format=%(refname)%00%(upstream:short)%00%(objectname)%00%(upstream:track)%00%(upstream:remotename)%00%(upstream:remoteref) refs/heads/master refs/remotes/master [2ms]
2024-07-20 12:36:30.409 [warning] ENOENT: no such file or directory, open '/home/carti/.config/dwmblocks/.git/refs/remotes/origin/master'
2024-07-20 12:36:30.411 [info] > git rev-parse refs/remotes/origin/master [2ms]
2024-07-20 12:36:30.426 [info] > git status -z -uall [4ms]
2024-07-20 12:36:30.445 [info] > git for-each-ref --format=%(refname)%00%(upstream:short)%00%(objectname)%00%(upstream:track)%00%(upstream:remotename)%00%(upstream:remoteref) refs/heads/master refs/remotes/master [5ms]
2024-07-20 12:36:30.456 [info] > git config --local branch.master.vscode-merge-base [3ms]
2024-07-20 12:36:30.464 [info] > git for-each-ref --format=%(refname)%00%(upstream:short)%00%(objectname)%00%(upstream:track)%00%(upstream:remotename)%00%(upstream:remoteref) refs/heads/origin/master refs/remotes/origin/master [3ms]
2024-07-20 12:36:35.459 [info] > git config --get commit.template [3ms]
2024-07-20 12:36:35.466 [info] > git for-each-ref --format=%(refname)%00%(upstream:short)%00%(objectname)%00%(upstream:track)%00%(upstream:remotename)%00%(upstream:remoteref) refs/heads/master refs/remotes/master [2ms]
2024-07-20 12:36:35.471 [warning] ENOENT: no such file or directory, open '/home/carti/.config/dwmblocks/.git/refs/remotes/origin/master'
2024-07-20 12:36:35.473 [info] > git rev-parse refs/remotes/origin/master [2ms]
2024-07-20 12:36:35.481 [info] > git status -z -uall [3ms]
2024-07-20 12:36:35.499 [info] > git for-each-ref --format=%(refname)%00%(upstream:short)%00%(objectname)%00%(upstream:track)%00%(upstream:remotename)%00%(upstream:remoteref) refs/heads/master refs/remotes/master [11ms]
2024-07-20 12:36:35.512 [info] > git config --local branch.master.vscode-merge-base [3ms]
2024-07-20 12:36:35.520 [info] > git for-each-ref --format=%(refname)%00%(upstream:short)%00%(objectname)%00%(upstream:track)%00%(upstream:remotename)%00%(upstream:remoteref) refs/heads/origin/master refs/remotes/origin/master [2ms]
2024-07-20 12:37:44.235 [info] > git config --get commit.template [7ms]
2024-07-20 12:37:44.256 [info] > git for-each-ref --format=%(refname)%00%(upstream:short)%00%(objectname)%00%(upstream:track)%00%(upstream:remotename)%00%(upstream:remoteref) refs/heads/master refs/remotes/master [9ms]
2024-07-20 12:37:44.261 [warning] ENOENT: no such file or directory, open '/home/carti/.config/dwmblocks/.git/refs/remotes/origin/master'
2024-07-20 12:37:44.264 [info] > git rev-parse refs/remotes/origin/master [3ms]
2024-07-20 12:37:44.273 [info] > git status -z -uall [4ms]
2024-07-20 12:37:44.287 [info] > git for-each-ref --format=%(refname)%00%(upstream:short)%00%(objectname)%00%(upstream:track)%00%(upstream:remotename)%00%(upstream:remoteref) refs/heads/master refs/remotes/master [5ms]
2024-07-20 12:37:44.295 [info] > git config --local branch.master.vscode-merge-base [3ms]
2024-07-20 12:37:44.303 [info] > git for-each-ref --format=%(refname)%00%(upstream:short)%00%(objectname)%00%(upstream:track)%00%(upstream:remotename)%00%(upstream:remoteref) refs/heads/origin/master refs/remotes/origin/master [3ms]
2024-07-20 12:38:11.838 [info] > git config --get commit.template [13ms]
2024-07-20 12:38:11.840 [info] > git for-each-ref --format=%(refname)%00%(upstream:short)%00%(objectname)%00%(upstream:track)%00%(upstream:remotename)%00%(upstream:remoteref) refs/heads/master refs/remotes/master [3ms]
2024-07-20 12:38:11.848 [warning] ENOENT: no such file or directory, open '/home/carti/.config/dwmblocks/.git/refs/remotes/origin/master'
2024-07-20 12:38:11.850 [info] > git rev-parse refs/remotes/origin/master [3ms]
2024-07-20 12:38:11.857 [info] > git status -z -uall [3ms]
2024-07-20 12:38:11.873 [info] > git for-each-ref --format=%(refname)%00%(upstream:short)%00%(objectname)%00%(upstream:track)%00%(upstream:remotename)%00%(upstream:remoteref) refs/heads/master refs/remotes/master [6ms]
2024-07-20 12:38:11.892 [info] > git config --local branch.master.vscode-merge-base [3ms]
2024-07-20 12:38:11.904 [info] > git for-each-ref --format=%(refname)%00%(upstream:short)%00%(objectname)%00%(upstream:track)%00%(upstream:remotename)%00%(upstream:remoteref) refs/heads/origin/master refs/remotes/origin/master [3ms]
2024-07-20 12:38:44.046 [info] > git config --get commit.template [30ms]
2024-07-20 12:38:44.058 [info] > git for-each-ref --format=%(refname)%00%(upstream:short)%00%(objectname)%00%(upstream:track)%00%(upstream:remotename)%00%(upstream:remoteref) refs/heads/master refs/remotes/master [20ms]
2024-07-20 12:38:44.072 [warning] ENOENT: no such file or directory, open '/home/carti/.config/dwmblocks/.git/refs/remotes/origin/master'
2024-07-20 12:38:44.073 [info] > git rev-parse refs/remotes/origin/master [1ms]
2024-07-20 12:38:44.087 [info] > git status -z -uall [6ms]
2024-07-20 12:38:44.115 [info] > git for-each-ref --format=%(refname)%00%(upstream:short)%00%(objectname)%00%(upstream:track)%00%(upstream:remotename)%00%(upstream:remoteref) refs/heads/master refs/remotes/master [7ms]
2024-07-20 12:38:44.137 [info] > git config --local branch.master.vscode-merge-base [8ms]
2024-07-20 12:38:44.174 [info] > git for-each-ref --format=%(refname)%00%(upstream:short)%00%(objectname)%00%(upstream:track)%00%(upstream:remotename)%00%(upstream:remoteref) refs/heads/origin/master refs/remotes/origin/master [19ms]
2024-07-20 12:38:58.678 [info] > git config --get commit.template [36ms]
2024-07-20 12:38:58.686 [info] > git for-each-ref --format=%(refname)%00%(upstream:short)%00%(objectname)%00%(upstream:track)%00%(upstream:remotename)%00%(upstream:remoteref) refs/heads/master refs/remotes/master [12ms]
2024-07-20 12:38:58.730 [warning] ENOENT: no such file or directory, open '/home/carti/.config/dwmblocks/.git/refs/remotes/origin/master'
2024-07-20 12:38:58.738 [info] > git rev-parse refs/remotes/origin/master [9ms]
2024-07-20 12:38:58.751 [info] > git status -z -uall [7ms]
2024-07-20 12:38:58.770 [info] > git for-each-ref --format=%(refname)%00%(upstream:short)%00%(objectname)%00%(upstream:track)%00%(upstream:remotename)%00%(upstream:remoteref) refs/heads/master refs/remotes/master [6ms]
2024-07-20 12:38:58.783 [info] > git config --local branch.master.vscode-merge-base [4ms]
2024-07-20 12:38:58.796 [info] > git for-each-ref --format=%(refname)%00%(upstream:short)%00%(objectname)%00%(upstream:track)%00%(upstream:remotename)%00%(upstream:remoteref) refs/heads/origin/master refs/remotes/origin/master [4ms]
2024-07-20 12:39:35.063 [info] > git config --get commit.template [32ms]
2024-07-20 12:39:35.067 [info] > git for-each-ref --format=%(refname)%00%(upstream:short)%00%(objectname)%00%(upstream:track)%00%(upstream:remotename)%00%(upstream:remoteref) refs/heads/master refs/remotes/master [5ms]
2024-07-20 12:39:35.080 [warning] ENOENT: no such file or directory, open '/home/carti/.config/dwmblocks/.git/refs/remotes/origin/master'
2024-07-20 12:39:35.085 [info] > git rev-parse refs/remotes/origin/master [5ms]
2024-07-20 12:39:35.095 [info] > git status -z -uall [4ms]
2024-07-20 12:39:35.109 [info] > git for-each-ref --format=%(refname)%00%(upstream:short)%00%(objectname)%00%(upstream:track)%00%(upstream:remotename)%00%(upstream:remoteref) refs/heads/master refs/remotes/master [5ms]
2024-07-20 12:39:35.122 [info] > git config --local branch.master.vscode-merge-base [2ms]
2024-07-20 12:39:35.132 [info] > git for-each-ref --format=%(refname)%00%(upstream:short)%00%(objectname)%00%(upstream:track)%00%(upstream:remotename)%00%(upstream:remoteref) refs/heads/origin/master refs/remotes/origin/master [6ms]
2024-07-20 12:39:45.442 [info] > git config --get commit.template [10ms]
2024-07-20 12:39:45.444 [info] > git for-each-ref --format=%(refname)%00%(upstream:short)%00%(objectname)%00%(upstream:track)%00%(upstream:remotename)%00%(upstream:remoteref) refs/heads/master refs/remotes/master [3ms]
2024-07-20 12:39:45.449 [warning] ENOENT: no such file or directory, open '/home/carti/.config/dwmblocks/.git/refs/remotes/origin/master'
2024-07-20 12:39:45.451 [info] > git rev-parse refs/remotes/origin/master [2ms]
2024-07-20 12:39:45.458 [info] > git status -z -uall [3ms]
2024-07-20 12:39:45.471 [info] > git for-each-ref --format=%(refname)%00%(upstream:short)%00%(objectname)%00%(upstream:track)%00%(upstream:remotename)%00%(upstream:remoteref) refs/heads/master refs/remotes/master [3ms]
2024-07-20 12:39:45.480 [info] > git config --local branch.master.vscode-merge-base [4ms]
2024-07-20 12:39:45.489 [info] > git for-each-ref --format=%(refname)%00%(upstream:short)%00%(objectname)%00%(upstream:track)%00%(upstream:remotename)%00%(upstream:remoteref) refs/heads/origin/master refs/remotes/origin/master [3ms]
2024-07-20 12:39:49.836 [info] > git show --textconv :scripts/volume.sh [11ms]
2024-07-20 12:39:49.837 [info] > git ls-files --stage -- /home/carti/.config/dwmblocks/scripts/volume.sh [3ms]
2024-07-20 12:40:03.787 [info] > git show --textconv :scripts/netconn.sh [17ms]
2024-07-20 12:40:03.789 [info] > git ls-files --stage -- /home/carti/.config/dwmblocks/scripts/netconn.sh [3ms]
2024-07-20 12:40:05.591 [info] > git show --textconv :scripts/volume.sh [10ms]
2024-07-20 12:40:05.593 [info] > git ls-files --stage -- /home/carti/.config/dwmblocks/scripts/volume.sh [3ms]
2024-07-20 12:40:08.768 [info] > git show --textconv :scripts/netconn.sh [13ms]
2024-07-20 12:40:08.770 [info] > git ls-files --stage -- /home/carti/.config/dwmblocks/scripts/netconn.sh [4ms]
2024-07-20 12:40:13.295 [info] > git config --get commit.template [7ms]
2024-07-20 12:40:13.297 [info] > git for-each-ref --format=%(refname)%00%(upstream:short)%00%(objectname)%00%(upstream:track)%00%(upstream:remotename)%00%(upstream:remoteref) refs/heads/master refs/remotes/master [3ms]
2024-07-20 12:40:13.310 [warning] ENOENT: no such file or directory, open '/home/carti/.config/dwmblocks/.git/refs/remotes/origin/master'
2024-07-20 12:40:13.313 [info] > git rev-parse refs/remotes/origin/master [3ms]
2024-07-20 12:40:13.323 [info] > git status -z -uall [4ms]
2024-07-20 12:40:13.334 [info] > git for-each-ref --format=%(refname)%00%(upstream:short)%00%(objectname)%00%(upstream:track)%00%(upstream:remotename)%00%(upstream:remoteref) refs/heads/master refs/remotes/master [5ms]
2024-07-20 12:40:13.342 [info] > git config --local branch.master.vscode-merge-base [3ms]
2024-07-20 12:40:13.350 [info] > git for-each-ref --format=%(refname)%00%(upstream:short)%00%(objectname)%00%(upstream:track)%00%(upstream:remotename)%00%(upstream:remoteref) refs/heads/origin/master refs/remotes/origin/master [3ms]
2024-07-20 12:40:24.438 [info] > git config --get commit.template [6ms]
2024-07-20 12:40:24.477 [info] > git for-each-ref --format=%(refname)%00%(upstream:short)%00%(objectname)%00%(upstream:track)%00%(upstream:remotename)%00%(upstream:remoteref) refs/heads/master refs/remotes/master [9ms]
2024-07-20 12:40:24.510 [warning] ENOENT: no such file or directory, open '/home/carti/.config/dwmblocks/.git/refs/remotes/origin/master'
2024-07-20 12:40:24.513 [info] > git rev-parse refs/remotes/origin/master [4ms]
2024-07-20 12:40:24.523 [info] > git status -z -uall [4ms]
2024-07-20 12:40:24.538 [info] > git for-each-ref --format=%(refname)%00%(upstream:short)%00%(objectname)%00%(upstream:track)%00%(upstream:remotename)%00%(upstream:remoteref) refs/heads/master refs/remotes/master [4ms]
2024-07-20 12:40:24.545 [info] > git config --local branch.master.vscode-merge-base [2ms]
2024-07-20 12:40:24.553 [info] > git for-each-ref --format=%(refname)%00%(upstream:short)%00%(objectname)%00%(upstream:track)%00%(upstream:remotename)%00%(upstream:remoteref) refs/heads/origin/master refs/remotes/origin/master [3ms]
2024-07-20 12:40:29.555 [info] > git config --get commit.template [8ms]
2024-07-20 12:40:29.557 [info] > git for-each-ref --format=%(refname)%00%(upstream:short)%00%(objectname)%00%(upstream:track)%00%(upstream:remotename)%00%(upstream:remoteref) refs/heads/master refs/remotes/master [3ms]
2024-07-20 12:40:29.565 [warning] ENOENT: no such file or directory, open '/home/carti/.config/dwmblocks/.git/refs/remotes/origin/master'
2024-07-20 12:40:29.568 [info] > git rev-parse refs/remotes/origin/master [2ms]
2024-07-20 12:40:29.576 [info] > git status -z -uall [3ms]
2024-07-20 12:40:29.589 [info] > git for-each-ref --format=%(refname)%00%(upstream:short)%00%(objectname)%00%(upstream:track)%00%(upstream:remotename)%00%(upstream:remoteref) refs/heads/master refs/remotes/master [5ms]
2024-07-20 12:40:29.595 [info] > git config --local branch.master.vscode-merge-base [2ms]
2024-07-20 12:40:29.610 [info] > git for-each-ref --format=%(refname)%00%(upstream:short)%00%(objectname)%00%(upstream:track)%00%(upstream:remotename)%00%(upstream:remoteref) refs/heads/origin/master refs/remotes/origin/master [3ms]
2024-07-20 12:40:35.738 [info] > git show --textconv :scripts/volume.sh [11ms]
2024-07-20 12:40:35.740 [info] > git ls-files --stage -- /home/carti/.config/dwmblocks/scripts/volume.sh [3ms]
2024-07-20 12:40:43.366 [info] > git show --textconv :blocks.h [1ms]
2024-07-20 12:40:43.392 [info] > git ls-files --stage -- /home/carti/.config/dwmblocks/blocks.h [12ms]
2024-07-20 12:40:43.978 [info] > git show --textconv :scripts/netconn.sh [14ms]
2024-07-20 12:40:43.985 [info] > git ls-files --stage -- /home/carti/.config/dwmblocks/scripts/netconn.sh [8ms]
2024-07-20 12:40:57.213 [info] > git config --get commit.template [16ms]
2024-07-20 12:40:57.217 [info] > git for-each-ref --format=%(refname)%00%(upstream:short)%00%(objectname)%00%(upstream:track)%00%(upstream:remotename)%00%(upstream:remoteref) refs/heads/master refs/remotes/master [7ms]
2024-07-20 12:40:57.227 [warning] ENOENT: no such file or directory, open '/home/carti/.config/dwmblocks/.git/refs/remotes/origin/master'
2024-07-20 12:40:57.230 [info] > git rev-parse refs/remotes/origin/master [3ms]
2024-07-20 12:40:57.238 [info] > git status -z -uall [3ms]
2024-07-20 12:40:57.252 [info] > git for-each-ref --format=%(refname)%00%(upstream:short)%00%(objectname)%00%(upstream:track)%00%(upstream:remotename)%00%(upstream:remoteref) refs/heads/master refs/remotes/master [4ms]
2024-07-20 12:40:57.271 [info] > git config --local branch.master.vscode-merge-base [4ms]
2024-07-20 12:40:57.282 [info] > git for-each-ref --format=%(refname)%00%(upstream:short)%00%(objectname)%00%(upstream:track)%00%(upstream:remotename)%00%(upstream:remoteref) refs/heads/origin/master refs/remotes/origin/master [3ms]
2024-07-20 12:41:02.567 [info] > git config --get commit.template [18ms]
2024-07-20 12:41:02.569 [info] > git for-each-ref --format=%(refname)%00%(upstream:short)%00%(objectname)%00%(upstream:track)%00%(upstream:remotename)%00%(upstream:remoteref) refs/heads/master refs/remotes/master [3ms]
2024-07-20 12:41:02.581 [warning] ENOENT: no such file or directory, open '/home/carti/.config/dwmblocks/.git/refs/remotes/origin/master'
2024-07-20 12:41:02.584 [info] > git rev-parse refs/remotes/origin/master [3ms]
2024-07-20 12:41:02.594 [info] > git status -z -uall [4ms]
2024-07-20 12:41:02.615 [info] > git for-each-ref --format=%(refname)%00%(upstream:short)%00%(objectname)%00%(upstream:track)%00%(upstream:remotename)%00%(upstream:remoteref) refs/heads/master refs/remotes/master [6ms]
2024-07-20 12:41:02.635 [info] > git config --local branch.master.vscode-merge-base [5ms]
2024-07-20 12:41:02.653 [info] > git for-each-ref --format=%(refname)%00%(upstream:short)%00%(objectname)%00%(upstream:track)%00%(upstream:remotename)%00%(upstream:remoteref) refs/heads/origin/master refs/remotes/origin/master [2ms]
2024-07-20 12:41:26.318 [info] > git config --get commit.template [16ms]
2024-07-20 12:41:26.347 [info] > git for-each-ref --format=%(refname)%00%(upstream:short)%00%(objectname)%00%(upstream:track)%00%(upstream:remotename)%00%(upstream:remoteref) refs/heads/master refs/remotes/master [7ms]
2024-07-20 12:41:26.356 [warning] ENOENT: no such file or directory, open '/home/carti/.config/dwmblocks/.git/refs/remotes/origin/master'
2024-07-20 12:41:26.380 [info] > git rev-parse refs/remotes/origin/master [25ms]
2024-07-20 12:41:26.429 [info] > git status -z -uall [24ms]
2024-07-20 12:41:26.473 [info] > git for-each-ref --format=%(refname)%00%(upstream:short)%00%(objectname)%00%(upstream:track)%00%(upstream:remotename)%00%(upstream:remoteref) refs/heads/master refs/remotes/master [22ms]
2024-07-20 12:41:26.503 [info] > git config --local branch.master.vscode-merge-base [11ms]
2024-07-20 12:41:26.540 [info] > git for-each-ref --format=%(refname)%00%(upstream:short)%00%(objectname)%00%(upstream:track)%00%(upstream:remotename)%00%(upstream:remoteref) refs/heads/origin/master refs/remotes/origin/master [15ms]
2024-07-20 12:42:04.760 [info] > git config --get commit.template [12ms]
2024-07-20 12:42:04.763 [info] > git for-each-ref --format=%(refname)%00%(upstream:short)%00%(objectname)%00%(upstream:track)%00%(upstream:remotename)%00%(upstream:remoteref) refs/heads/master refs/remotes/master [5ms]
2024-07-20 12:42:04.777 [warning] ENOENT: no such file or directory, open '/home/carti/.config/dwmblocks/.git/refs/remotes/origin/master'
2024-07-20 12:42:04.789 [info] > git rev-parse refs/remotes/origin/master [11ms]
2024-07-20 12:42:04.799 [info] > git status -z -uall [4ms]
2024-07-20 12:42:04.813 [info] > git for-each-ref --format=%(refname)%00%(upstream:short)%00%(objectname)%00%(upstream:track)%00%(upstream:remotename)%00%(upstream:remoteref) refs/heads/master refs/remotes/master [5ms]
2024-07-20 12:42:04.822 [info] > git config --local branch.master.vscode-merge-base [3ms]
2024-07-20 12:42:04.833 [info] > git for-each-ref --format=%(refname)%00%(upstream:short)%00%(objectname)%00%(upstream:track)%00%(upstream:remotename)%00%(upstream:remoteref) refs/heads/origin/master refs/remotes/origin/master [4ms]
2024-07-20 12:42:09.833 [info] > git config --get commit.template [9ms]
2024-07-20 12:42:09.835 [info] > git for-each-ref --format=%(refname)%00%(upstream:short)%00%(objectname)%00%(upstream:track)%00%(upstream:remotename)%00%(upstream:remoteref) refs/heads/master refs/remotes/master [3ms]
2024-07-20 12:42:09.839 [warning] ENOENT: no such file or directory, open '/home/carti/.config/dwmblocks/.git/refs/remotes/origin/master'
2024-07-20 12:42:09.841 [info] > git rev-parse refs/remotes/origin/master [2ms]
2024-07-20 12:42:09.855 [info] > git status -z -uall [8ms]
2024-07-20 12:42:09.870 [info] > git for-each-ref --format=%(refname)%00%(upstream:short)%00%(objectname)%00%(upstream:track)%00%(upstream:remotename)%00%(upstream:remoteref) refs/heads/master refs/remotes/master [4ms]
2024-07-20 12:42:09.878 [info] > git config --local branch.master.vscode-merge-base [2ms]
2024-07-20 12:42:09.886 [info] > git for-each-ref --format=%(refname)%00%(upstream:short)%00%(objectname)%00%(upstream:track)%00%(upstream:remotename)%00%(upstream:remoteref) refs/heads/origin/master refs/remotes/origin/master [3ms]
2024-07-20 12:42:14.908 [info] > git config --get commit.template [10ms]
2024-07-20 12:42:14.910 [info] > git for-each-ref --format=%(refname)%00%(upstream:short)%00%(objectname)%00%(upstream:track)%00%(upstream:remotename)%00%(upstream:remoteref) refs/heads/master refs/remotes/master [3ms]
2024-07-20 12:42:14.915 [warning] ENOENT: no such file or directory, open '/home/carti/.config/dwmblocks/.git/refs/remotes/origin/master'
2024-07-20 12:42:14.918 [info] > git rev-parse refs/remotes/origin/master [2ms]
2024-07-20 12:42:14.927 [info] > git status -z -uall [3ms]
2024-07-20 12:42:14.938 [info] > git for-each-ref --format=%(refname)%00%(upstream:short)%00%(objectname)%00%(upstream:track)%00%(upstream:remotename)%00%(upstream:remoteref) refs/heads/master refs/remotes/master [3ms]
2024-07-20 12:42:14.945 [info] > git config --local branch.master.vscode-merge-base [2ms]
2024-07-20 12:42:14.954 [info] > git for-each-ref --format=%(refname)%00%(upstream:short)%00%(objectname)%00%(upstream:track)%00%(upstream:remotename)%00%(upstream:remoteref) refs/heads/origin/master refs/remotes/origin/master [3ms]
2024-07-20 12:44:08.005 [info] > git config --get commit.template [38ms]
2024-07-20 12:44:08.006 [info] > git for-each-ref --format=%(refname)%00%(upstream:short)%00%(objectname)%00%(upstream:track)%00%(upstream:remotename)%00%(upstream:remoteref) refs/heads/master refs/remotes/master [5ms]
2024-07-20 12:44:08.015 [warning] ENOENT: no such file or directory, open '/home/carti/.config/dwmblocks/.git/refs/remotes/origin/master'
2024-07-20 12:44:08.019 [info] > git rev-parse refs/remotes/origin/master [4ms]
2024-07-20 12:44:08.032 [info] > git status -z -uall [4ms]
2024-07-20 12:44:08.053 [info] > git for-each-ref --format=%(refname)%00%(upstream:short)%00%(objectname)%00%(upstream:track)%00%(upstream:remotename)%00%(upstream:remoteref) refs/heads/master refs/remotes/master [5ms]
2024-07-20 12:44:08.067 [info] > git config --local branch.master.vscode-merge-base [4ms]
2024-07-20 12:44:08.075 [info] > git for-each-ref --format=%(refname)%00%(upstream:short)%00%(objectname)%00%(upstream:track)%00%(upstream:remotename)%00%(upstream:remoteref) refs/heads/origin/master refs/remotes/origin/master [2ms]
2024-07-20 12:44:23.196 [info] > git config --get commit.template [18ms]
2024-07-20 12:44:23.230 [info] > git for-each-ref --format=%(refname)%00%(upstream:short)%00%(objectname)%00%(upstream:track)%00%(upstream:remotename)%00%(upstream:remoteref) refs/heads/master refs/remotes/master [4ms]
2024-07-20 12:44:23.252 [warning] ENOENT: no such file or directory, open '/home/carti/.config/dwmblocks/.git/refs/remotes/origin/master'
2024-07-20 12:44:23.254 [info] > git rev-parse refs/remotes/origin/master [3ms]
2024-07-20 12:44:23.272 [info] > git status -z -uall [3ms]
2024-07-20 12:44:23.291 [info] > git for-each-ref --format=%(refname)%00%(upstream:short)%00%(objectname)%00%(upstream:track)%00%(upstream:remotename)%00%(upstream:remoteref) refs/heads/master refs/remotes/master [3ms]
2024-07-20 12:44:23.304 [info] > git config --local branch.master.vscode-merge-base [5ms]
2024-07-20 12:44:23.317 [info] > git for-each-ref --format=%(refname)%00%(upstream:short)%00%(objectname)%00%(upstream:track)%00%(upstream:remotename)%00%(upstream:remoteref) refs/heads/origin/master refs/remotes/origin/master [4ms]
2024-07-20 12:47:32.708 [info] > git config --get commit.template [14ms]
2024-07-20 12:47:32.712 [info] > git for-each-ref --format=%(refname)%00%(upstream:short)%00%(objectname)%00%(upstream:track)%00%(upstream:remotename)%00%(upstream:remoteref) refs/heads/master refs/remotes/master [8ms]
2024-07-20 12:47:32.720 [warning] ENOENT: no such file or directory, open '/home/carti/.config/dwmblocks/.git/refs/remotes/origin/master'
2024-07-20 12:47:32.720 [info] > git rev-parse refs/remotes/origin/master [0ms]
2024-07-20 12:47:32.730 [info] > git status -z -uall [5ms]
2024-07-20 12:47:32.741 [info] > git for-each-ref --format=%(refname)%00%(upstream:short)%00%(objectname)%00%(upstream:track)%00%(upstream:remotename)%00%(upstream:remoteref) refs/heads/master refs/remotes/master [3ms]
2024-07-20 12:47:32.749 [info] > git config --local branch.master.vscode-merge-base [2ms]
2024-07-20 12:47:32.757 [info] > git for-each-ref --format=%(refname)%00%(upstream:short)%00%(objectname)%00%(upstream:track)%00%(upstream:remotename)%00%(upstream:remoteref) refs/heads/origin/master refs/remotes/origin/master [2ms]
2024-07-20 12:51:30.272 [info] > git config --get commit.template [9ms]
2024-07-20 12:51:30.326 [info] > git for-each-ref --format=%(refname)%00%(upstream:short)%00%(objectname)%00%(upstream:track)%00%(upstream:remotename)%00%(upstream:remoteref) refs/heads/master refs/remotes/master [36ms]
2024-07-20 12:51:30.381 [warning] ENOENT: no such file or directory, open '/home/carti/.config/dwmblocks/.git/refs/remotes/origin/master'
2024-07-20 12:51:30.396 [info] > git rev-parse refs/remotes/origin/master [15ms]
2024-07-20 12:51:30.434 [info] > git status -z -uall [12ms]
2024-07-20 12:51:30.490 [info] > git for-each-ref --format=%(refname)%00%(upstream:short)%00%(objectname)%00%(upstream:track)%00%(upstream:remotename)%00%(upstream:remoteref) refs/heads/master refs/remotes/master [28ms]
2024-07-20 12:51:30.556 [info] > git config --local branch.master.vscode-merge-base [9ms]
2024-07-20 12:51:30.578 [info] > git for-each-ref --format=%(refname)%00%(upstream:short)%00%(objectname)%00%(upstream:track)%00%(upstream:remotename)%00%(upstream:remoteref) refs/heads/origin/master refs/remotes/origin/master [7ms]
2024-07-20 12:52:55.634 [info] > git config --get commit.template [13ms]
2024-07-20 12:52:55.634 [info] > git for-each-ref --format=%(refname)%00%(upstream:short)%00%(objectname)%00%(upstream:track)%00%(upstream:remotename)%00%(upstream:remoteref) refs/heads/master refs/remotes/master [4ms]
2024-07-20 12:52:55.639 [warning] ENOENT: no such file or directory, open '/home/carti/.config/dwmblocks/.git/refs/remotes/origin/master'
2024-07-20 12:52:55.641 [info] > git rev-parse refs/remotes/origin/master [2ms]
2024-07-20 12:52:55.655 [info] > git status -z -uall [9ms]
2024-07-20 12:52:55.677 [info] > git for-each-ref --format=%(refname)%00%(upstream:short)%00%(objectname)%00%(upstream:track)%00%(upstream:remotename)%00%(upstream:remoteref) refs/heads/master refs/remotes/master [6ms]
2024-07-20 12:52:55.686 [info] > git config --local branch.master.vscode-merge-base [3ms]
2024-07-20 12:52:55.694 [info] > git for-each-ref --format=%(refname)%00%(upstream:short)%00%(objectname)%00%(upstream:track)%00%(upstream:remotename)%00%(upstream:remoteref) refs/heads/origin/master refs/remotes/origin/master [3ms]
2024-07-20 12:53:05.797 [info] > git for-each-ref --format=%(refname)%00%(upstream:short)%00%(objectname)%00%(upstream:track)%00%(upstream:remotename)%00%(upstream:remoteref) refs/heads/master refs/remotes/master [4ms]
2024-07-20 12:53:05.798 [info] > git config --get commit.template [14ms]
2024-07-20 12:53:05.805 [warning] ENOENT: no such file or directory, open '/home/carti/.config/dwmblocks/.git/refs/remotes/origin/master'
2024-07-20 12:53:05.809 [info] > git rev-parse refs/remotes/origin/master [4ms]
2024-07-20 12:53:05.833 [info] > git status -z -uall [5ms]
2024-07-20 12:53:05.846 [info] > git for-each-ref --format=%(refname)%00%(upstream:short)%00%(objectname)%00%(upstream:track)%00%(upstream:remotename)%00%(upstream:remoteref) refs/heads/master refs/remotes/master [4ms]
2024-07-20 12:53:05.853 [info] > git config --local branch.master.vscode-merge-base [2ms]
2024-07-20 12:53:05.861 [info] > git for-each-ref --format=%(refname)%00%(upstream:short)%00%(objectname)%00%(upstream:track)%00%(upstream:remotename)%00%(upstream:remoteref) refs/heads/origin/master refs/remotes/origin/master [3ms]
2024-07-20 12:54:15.728 [info] > git config --get commit.template [17ms]
2024-07-20 12:54:15.732 [info] > git for-each-ref --format=%(refname)%00%(upstream:short)%00%(objectname)%00%(upstream:track)%00%(upstream:remotename)%00%(upstream:remoteref) refs/heads/master refs/remotes/master [6ms]
2024-07-20 12:54:15.738 [warning] ENOENT: no such file or directory, open '/home/carti/.config/dwmblocks/.git/refs/remotes/origin/master'
2024-07-20 12:54:15.741 [info] > git rev-parse refs/remotes/origin/master [3ms]
2024-07-20 12:54:15.749 [info] > git status -z -uall [4ms]
2024-07-20 12:54:15.760 [info] > git for-each-ref --format=%(refname)%00%(upstream:short)%00%(objectname)%00%(upstream:track)%00%(upstream:remotename)%00%(upstream:remoteref) refs/heads/master refs/remotes/master [5ms]
2024-07-20 12:54:15.767 [info] > git config --local branch.master.vscode-merge-base [2ms]
2024-07-20 12:54:15.778 [info] > git for-each-ref --format=%(refname)%00%(upstream:short)%00%(objectname)%00%(upstream:track)%00%(upstream:remotename)%00%(upstream:remoteref) refs/heads/origin/master refs/remotes/origin/master [1ms]
2024-07-20 12:57:30.524 [info] > git config --get commit.template [24ms]
2024-07-20 12:57:30.528 [info] > git for-each-ref --format=%(refname)%00%(upstream:short)%00%(objectname)%00%(upstream:track)%00%(upstream:remotename)%00%(upstream:remoteref) refs/heads/master refs/remotes/master [11ms]
2024-07-20 12:57:30.538 [warning] ENOENT: no such file or directory, open '/home/carti/.config/dwmblocks/.git/refs/remotes/origin/master'
2024-07-20 12:57:30.542 [info] > git rev-parse refs/remotes/origin/master [4ms]
2024-07-20 12:57:30.553 [info] > git status -z -uall [7ms]
2024-07-20 12:57:30.566 [info] > git for-each-ref --format=%(refname)%00%(upstream:short)%00%(objectname)%00%(upstream:track)%00%(upstream:remotename)%00%(upstream:remoteref) refs/heads/master refs/remotes/master [6ms]
2024-07-20 12:57:30.575 [info] > git config --local branch.master.vscode-merge-base [3ms]
2024-07-20 12:57:30.584 [info] > git for-each-ref --format=%(refname)%00%(upstream:short)%00%(objectname)%00%(upstream:track)%00%(upstream:remotename)%00%(upstream:remoteref) refs/heads/origin/master refs/remotes/origin/master [4ms]
2024-07-20 12:57:36.097 [info] > git show --textconv :scripts/cpu.sh [18ms]
2024-07-20 12:57:36.099 [info] > git ls-files --stage -- /home/carti/.config/dwmblocks/scripts/cpu.sh [8ms]
2024-07-20 12:57:36.352 [info] > git check-ignore -v -z --stdin [12ms]
2024-07-20 12:57:36.909 [info] > git config --get commit.template [3ms]
2024-07-20 12:57:36.916 [info] > git for-each-ref --format=%(refname)%00%(upstream:short)%00%(objectname)%00%(upstream:track)%00%(upstream:remotename)%00%(upstream:remoteref) refs/heads/master refs/remotes/master [2ms]
2024-07-20 12:57:36.921 [warning] ENOENT: no such file or directory, open '/home/carti/.config/dwmblocks/.git/refs/remotes/origin/master'
2024-07-20 12:57:36.923 [info] > git rev-parse refs/remotes/origin/master [2ms]
2024-07-20 12:57:36.943 [info] > git status -z -uall [5ms]
2024-07-20 12:57:36.961 [info] > git for-each-ref --format=%(refname)%00%(upstream:short)%00%(objectname)%00%(upstream:track)%00%(upstream:remotename)%00%(upstream:remoteref) refs/heads/master refs/remotes/master [4ms]
2024-07-20 12:57:36.970 [info] > git config --local branch.master.vscode-merge-base [4ms]
2024-07-20 12:57:36.978 [info] > git for-each-ref --format=%(refname)%00%(upstream:short)%00%(objectname)%00%(upstream:track)%00%(upstream:remotename)%00%(upstream:remoteref) refs/heads/origin/master refs/remotes/origin/master [2ms]
2024-07-20 12:57:41.048 [info] > git show --textconv :scripts/date.sh [15ms]
2024-07-20 12:57:41.051 [info] > git ls-files --stage -- /home/carti/.config/dwmblocks/scripts/date.sh [4ms]
2024-07-20 12:57:44.164 [info] > git show --textconv :scripts/cpu.sh [9ms]
2024-07-20 12:57:44.166 [info] > git ls-files --stage -- /home/carti/.config/dwmblocks/scripts/cpu.sh [3ms]
2024-07-20 12:57:48.812 [info] > git config --get commit.template [8ms]
2024-07-20 12:57:48.814 [info] > git for-each-ref --format=%(refname)%00%(upstream:short)%00%(objectname)%00%(upstream:track)%00%(upstream:remotename)%00%(upstream:remoteref) refs/heads/master refs/remotes/master [3ms]
2024-07-20 12:57:48.818 [warning] ENOENT: no such file or directory, open '/home/carti/.config/dwmblocks/.git/refs/remotes/origin/master'
2024-07-20 12:57:48.820 [info] > git rev-parse refs/remotes/origin/master [2ms]
2024-07-20 12:57:48.827 [info] > git status -z -uall [3ms]
2024-07-20 12:57:48.838 [info] > git for-each-ref --format=%(refname)%00%(upstream:short)%00%(objectname)%00%(upstream:track)%00%(upstream:remotename)%00%(upstream:remoteref) refs/heads/master refs/remotes/master [4ms]
2024-07-20 12:57:48.846 [info] > git config --local branch.master.vscode-merge-base [3ms]
2024-07-20 12:57:48.852 [info] > git for-each-ref --format=%(refname)%00%(upstream:short)%00%(objectname)%00%(upstream:track)%00%(upstream:remotename)%00%(upstream:remoteref) refs/heads/origin/master refs/remotes/origin/master [2ms]
2024-07-20 12:58:31.953 [info] > git show --textconv :scripts/volume.sh [9ms]
2024-07-20 12:58:31.959 [info] > git ls-files --stage -- /home/carti/.config/dwmblocks/scripts/volume.sh [6ms]
2024-07-20 12:58:40.709 [info] > git show --textconv :blocks.h [8ms]
2024-07-20 12:58:40.710 [info] > git ls-files --stage -- /home/carti/.config/dwmblocks/blocks.h [2ms]
2024-07-20 12:58:41.473 [info] > git show --textconv :scripts/cpu.sh [10ms]
2024-07-20 12:58:41.475 [info] > git ls-files --stage -- /home/carti/.config/dwmblocks/scripts/cpu.sh [3ms]
2024-07-20 12:59:19.695 [info] > git config --get commit.template [11ms]
2024-07-20 12:59:19.696 [info] > git for-each-ref --format=%(refname)%00%(upstream:short)%00%(objectname)%00%(upstream:track)%00%(upstream:remotename)%00%(upstream:remoteref) refs/heads/master refs/remotes/master [3ms]
2024-07-20 12:59:19.701 [warning] ENOENT: no such file or directory, open '/home/carti/.config/dwmblocks/.git/refs/remotes/origin/master'
2024-07-20 12:59:19.703 [info] > git rev-parse refs/remotes/origin/master [2ms]
2024-07-20 12:59:19.710 [info] > git status -z -uall [3ms]
2024-07-20 12:59:19.723 [info] > git for-each-ref --format=%(refname)%00%(upstream:short)%00%(objectname)%00%(upstream:track)%00%(upstream:remotename)%00%(upstream:remoteref) refs/heads/master refs/remotes/master [4ms]
2024-07-20 12:59:19.729 [info] > git config --local branch.master.vscode-merge-base [2ms]
2024-07-20 12:59:19.737 [info] > git for-each-ref --format=%(refname)%00%(upstream:short)%00%(objectname)%00%(upstream:track)%00%(upstream:remotename)%00%(upstream:remoteref) refs/heads/origin/master refs/remotes/origin/master [3ms]
2024-07-20 12:59:47.582 [info] > git config --get commit.template [23ms]
2024-07-20 12:59:47.584 [info] > git for-each-ref --format=%(refname)%00%(upstream:short)%00%(objectname)%00%(upstream:track)%00%(upstream:remotename)%00%(upstream:remoteref) refs/heads/master refs/remotes/master [6ms]
2024-07-20 12:59:47.591 [warning] ENOENT: no such file or directory, open '/home/carti/.config/dwmblocks/.git/refs/remotes/origin/master'
2024-07-20 12:59:47.593 [info] > git rev-parse refs/remotes/origin/master [3ms]
2024-07-20 12:59:47.602 [info] > git status -z -uall [4ms]
2024-07-20 12:59:47.613 [info] > git for-each-ref --format=%(refname)%00%(upstream:short)%00%(objectname)%00%(upstream:track)%00%(upstream:remotename)%00%(upstream:remoteref) refs/heads/master refs/remotes/master [3ms]
2024-07-20 12:59:47.624 [info] > git config --local branch.master.vscode-merge-base [3ms]
2024-07-20 12:59:47.631 [info] > git for-each-ref --format=%(refname)%00%(upstream:short)%00%(objectname)%00%(upstream:track)%00%(upstream:remotename)%00%(upstream:remoteref) refs/heads/origin/master refs/remotes/origin/master [2ms]
2024-07-20 12:59:52.657 [info] > git config --get commit.template [14ms]
2024-07-20 12:59:52.659 [info] > git for-each-ref --format=%(refname)%00%(upstream:short)%00%(objectname)%00%(upstream:track)%00%(upstream:remotename)%00%(upstream:remoteref) refs/heads/master refs/remotes/master [4ms]
2024-07-20 12:59:52.664 [warning] ENOENT: no such file or directory, open '/home/carti/.config/dwmblocks/.git/refs/remotes/origin/master'
2024-07-20 12:59:52.666 [info] > git rev-parse refs/remotes/origin/master [2ms]
2024-07-20 12:59:52.673 [info] > git status -z -uall [3ms]
2024-07-20 12:59:52.692 [info] > git for-each-ref --format=%(refname)%00%(upstream:short)%00%(objectname)%00%(upstream:track)%00%(upstream:remotename)%00%(upstream:remoteref) refs/heads/master refs/remotes/master [12ms]
2024-07-20 12:59:52.705 [info] > git config --local branch.master.vscode-merge-base [5ms]
2024-07-20 12:59:52.713 [info] > git for-each-ref --format=%(refname)%00%(upstream:short)%00%(objectname)%00%(upstream:track)%00%(upstream:remotename)%00%(upstream:remoteref) refs/heads/origin/master refs/remotes/origin/master [3ms]
2024-07-20 13:00:32.799 [info] > git config --get commit.template [15ms]
2024-07-20 13:00:32.837 [info] > git for-each-ref --format=%(refname)%00%(upstream:short)%00%(objectname)%00%(upstream:track)%00%(upstream:remotename)%00%(upstream:remoteref) refs/heads/master refs/remotes/master [24ms]
2024-07-20 13:00:32.886 [warning] ENOENT: no such file or directory, open '/home/carti/.config/dwmblocks/.git/refs/remotes/origin/master'
2024-07-20 13:00:32.893 [info] > git rev-parse refs/remotes/origin/master [7ms]
2024-07-20 13:00:32.910 [info] > git status -z -uall [9ms]
2024-07-20 13:00:32.943 [info] > git for-each-ref --format=%(refname)%00%(upstream:short)%00%(objectname)%00%(upstream:track)%00%(upstream:remotename)%00%(upstream:remoteref) refs/heads/master refs/remotes/master [6ms]
2024-07-20 13:00:32.954 [info] > git config --local branch.master.vscode-merge-base [4ms]
2024-07-20 13:00:32.963 [info] > git for-each-ref --format=%(refname)%00%(upstream:short)%00%(objectname)%00%(upstream:track)%00%(upstream:remotename)%00%(upstream:remoteref) refs/heads/origin/master refs/remotes/origin/master [2ms]
2024-07-20 13:00:38.957 [info] > git config --get commit.template [41ms]
2024-07-20 13:00:38.959 [info] > git for-each-ref --format=%(refname)%00%(upstream:short)%00%(objectname)%00%(upstream:track)%00%(upstream:remotename)%00%(upstream:remoteref) refs/heads/master refs/remotes/master [11ms]
2024-07-20 13:00:38.971 [warning] ENOENT: no such file or directory, open '/home/carti/.config/dwmblocks/.git/refs/remotes/origin/master'
2024-07-20 13:00:38.975 [info] > git rev-parse refs/remotes/origin/master [4ms]
2024-07-20 13:00:38.985 [info] > git status -z -uall [5ms]
2024-07-20 13:00:38.998 [info] > git for-each-ref --format=%(refname)%00%(upstream:short)%00%(objectname)%00%(upstream:track)%00%(upstream:remotename)%00%(upstream:remoteref) refs/heads/master refs/remotes/master [4ms]
2024-07-20 13:00:39.006 [info] > git config --local branch.master.vscode-merge-base [2ms]
2024-07-20 13:00:39.018 [info] > git for-each-ref --format=%(refname)%00%(upstream:short)%00%(objectname)%00%(upstream:track)%00%(upstream:remotename)%00%(upstream:remoteref) refs/heads/origin/master refs/remotes/origin/master [4ms]
2024-07-20 13:00:40.965 [info] > git show --textconv :blocks.h [11ms]
2024-07-20 13:00:40.966 [info] > git ls-files --stage -- /home/carti/.config/dwmblocks/blocks.h [3ms]
2024-07-20 13:01:08.687 [info] > git config --get commit.template [4ms]
2024-07-20 13:01:08.696 [info] > git for-each-ref --format=%(refname)%00%(upstream:short)%00%(objectname)%00%(upstream:track)%00%(upstream:remotename)%00%(upstream:remoteref) refs/heads/master refs/remotes/master [3ms]
2024-07-20 13:01:08.701 [warning] ENOENT: no such file or directory, open '/home/carti/.config/dwmblocks/.git/refs/remotes/origin/master'
2024-07-20 13:01:08.703 [info] > git rev-parse refs/remotes/origin/master [3ms]
2024-07-20 13:01:08.712 [info] > git status -z -uall [5ms]
2024-07-20 13:01:08.724 [info] > git for-each-ref --format=%(refname)%00%(upstream:short)%00%(objectname)%00%(upstream:track)%00%(upstream:remotename)%00%(upstream:remoteref) refs/heads/master refs/remotes/master [3ms]
2024-07-20 13:01:08.732 [info] > git config --local branch.master.vscode-merge-base [3ms]
2024-07-20 13:01:08.739 [info] > git for-each-ref --format=%(refname)%00%(upstream:short)%00%(objectname)%00%(upstream:track)%00%(upstream:remotename)%00%(upstream:remoteref) refs/heads/origin/master refs/remotes/origin/master [3ms]
2024-07-20 13:01:13.748 [info] > git config --get commit.template [8ms]
2024-07-20 13:01:13.750 [info] > git for-each-ref --format=%(refname)%00%(upstream:short)%00%(objectname)%00%(upstream:track)%00%(upstream:remotename)%00%(upstream:remoteref) refs/heads/master refs/remotes/master [3ms]
2024-07-20 13:01:13.754 [warning] ENOENT: no such file or directory, open '/home/carti/.config/dwmblocks/.git/refs/remotes/origin/master'
2024-07-20 13:01:13.757 [info] > git rev-parse refs/remotes/origin/master [2ms]
2024-07-20 13:01:13.764 [info] > git status -z -uall [3ms]
2024-07-20 13:01:13.775 [info] > git for-each-ref --format=%(refname)%00%(upstream:short)%00%(objectname)%00%(upstream:track)%00%(upstream:remotename)%00%(upstream:remoteref) refs/heads/master refs/remotes/master [5ms]
2024-07-20 13:01:13.785 [info] > git config --local branch.master.vscode-merge-base [1ms]
2024-07-20 13:01:13.793 [info] > git for-each-ref --format=%(refname)%00%(upstream:short)%00%(objectname)%00%(upstream:track)%00%(upstream:remotename)%00%(upstream:remoteref) refs/heads/origin/master refs/remotes/origin/master [3ms]
