2024-07-20 13:03:46.823 [info] Log level: Info
2024-07-20 13:03:46.823 [info] Validating found git in: "git"
2024-07-20 13:03:46.823 [info] Using git "2.45.2" from "git"
2024-07-20 13:03:46.823 [info] > git rev-parse --show-toplevel [12ms]
2024-07-20 13:03:46.824 [info] > git rev-parse --git-dir --git-common-dir [4ms]
2024-07-20 13:03:46.830 [info] Open repository: /home/carti/.config/dwmblocks
2024-07-20 13:03:46.859 [info] > git rev-parse --show-toplevel [16ms]
2024-07-20 13:03:46.860 [info] > git config --get commit.template [22ms]
2024-07-20 13:03:46.878 [info] > git for-each-ref --format=%(refname)%00%(upstream:short)%00%(objectname)%00%(upstream:track)%00%(upstream:remotename)%00%(upstream:remoteref) refs/heads/master refs/remotes/master [8ms]
2024-07-20 13:03:46.890 [warning] ENOENT: no such file or directory, open '/home/carti/.config/dwmblocks/.git/refs/remotes/origin/master'
2024-07-20 13:03:46.892 [info] > git rev-parse refs/remotes/origin/master [3ms]
2024-07-20 13:03:46.904 [info] > git status -z -uall [5ms]
2024-07-20 13:03:46.974 [info] > git for-each-ref --format=%(refname)%00%(upstream:short)%00%(objectname)%00%(upstream:track)%00%(upstream:remotename)%00%(upstream:remoteref) refs/heads/master refs/remotes/master [48ms]
2024-07-20 13:03:47.020 [info] > git config --local branch.master.vscode-merge-base [26ms]
2024-07-20 13:03:47.027 [info] > git config --get commit.template [53ms]
2024-07-20 13:03:47.030 [info] > git for-each-ref --format=%(refname)%00%(upstream:short)%00%(objectname)%00%(upstream:track)%00%(upstream:remotename)%00%(upstream:remoteref) refs/heads/origin/master refs/remotes/origin/master [4ms]
2024-07-20 13:03:47.048 [info] > git merge-base refs/heads/master refs/remotes/origin/master [7ms]
2024-07-20 13:03:47.058 [info] > git for-each-ref --format=%(refname)%00%(upstream:short)%00%(objectname)%00%(upstream:track)%00%(upstream:remotename)%00%(upstream:remoteref) refs/heads/master refs/remotes/master [12ms]
2024-07-20 13:03:47.065 [warning] ENOENT: no such file or directory, open '/home/carti/.config/dwmblocks/.git/refs/remotes/origin/master'
2024-07-20 13:03:47.066 [info] > git rev-list --count --left-right refs/heads/master...refs/remotes/origin/master [10ms]
2024-07-20 13:03:47.076 [info] > git rev-parse refs/remotes/origin/master [11ms]
2024-07-20 13:03:47.082 [info] > git diff --name-status -z --diff-filter=ADMR 58a426b68a507afd3e681f2ea70a245167d3c3fb...refs/remotes/origin/master [8ms]
2024-07-20 13:03:47.085 [info] > git status -z -uall [5ms]
2024-07-20 13:03:47.101 [info] > git for-each-ref --format=%(refname)%00%(upstream:short)%00%(objectname)%00%(upstream:track)%00%(upstream:remotename)%00%(upstream:remoteref) refs/heads/master refs/remotes/master [6ms]
2024-07-20 13:03:47.109 [info] > git config --local branch.master.vscode-merge-base [3ms]
2024-07-20 13:03:47.119 [info] > git for-each-ref --format=%(refname)%00%(upstream:short)%00%(objectname)%00%(upstream:track)%00%(upstream:remotename)%00%(upstream:remoteref) refs/heads/origin/master refs/remotes/origin/master [3ms]
2024-07-20 13:03:47.191 [info] > git show --textconv :blocks.h [16ms]
2024-07-20 13:03:47.191 [info] > git ls-files --stage -- /home/carti/.config/dwmblocks/blocks.h [1ms]
2024-07-20 13:03:47.365 [info] > git check-ignore -v -z --stdin [3ms]
2024-07-20 13:03:53.500 [info] > git show --textconv :scripts/cpu.sh [8ms]
2024-07-20 13:03:53.502 [info] > git ls-files --stage -- /home/carti/.config/dwmblocks/scripts/cpu.sh [3ms]
2024-07-20 13:04:56.117 [info] > git config --get commit.template [23ms]
2024-07-20 13:04:56.119 [info] > git for-each-ref --format=%(refname)%00%(upstream:short)%00%(objectname)%00%(upstream:track)%00%(upstream:remotename)%00%(upstream:remoteref) refs/heads/master refs/remotes/master [5ms]
2024-07-20 13:04:56.125 [warning] ENOENT: no such file or directory, open '/home/carti/.config/dwmblocks/.git/refs/remotes/origin/master'
2024-07-20 13:04:56.128 [info] > git rev-parse refs/remotes/origin/master [3ms]
2024-07-20 13:04:56.138 [info] > git status -z -uall [4ms]
2024-07-20 13:04:56.151 [info] > git for-each-ref --format=%(refname)%00%(upstream:short)%00%(objectname)%00%(upstream:track)%00%(upstream:remotename)%00%(upstream:remoteref) refs/heads/master refs/remotes/master [6ms]
2024-07-20 13:04:56.160 [info] > git config --local branch.master.vscode-merge-base [3ms]
2024-07-20 13:04:56.169 [info] > git for-each-ref --format=%(refname)%00%(upstream:short)%00%(objectname)%00%(upstream:track)%00%(upstream:remotename)%00%(upstream:remoteref) refs/heads/origin/master refs/remotes/origin/master [2ms]
2024-07-20 13:05:31.212 [info] > git config --get commit.template [8ms]
2024-07-20 13:05:31.214 [info] > git for-each-ref --format=%(refname)%00%(upstream:short)%00%(objectname)%00%(upstream:track)%00%(upstream:remotename)%00%(upstream:remoteref) refs/heads/master refs/remotes/master [4ms]
2024-07-20 13:05:31.219 [warning] ENOENT: no such file or directory, open '/home/carti/.config/dwmblocks/.git/refs/remotes/origin/master'
2024-07-20 13:05:31.224 [info] > git rev-parse refs/remotes/origin/master [5ms]
2024-07-20 13:05:31.233 [info] > git status -z -uall [3ms]
2024-07-20 13:05:31.252 [info] > git for-each-ref --format=%(refname)%00%(upstream:short)%00%(objectname)%00%(upstream:track)%00%(upstream:remotename)%00%(upstream:remoteref) refs/heads/master refs/remotes/master [8ms]
2024-07-20 13:05:31.278 [info] > git config --local branch.master.vscode-merge-base [5ms]
2024-07-20 13:05:31.290 [info] > git for-each-ref --format=%(refname)%00%(upstream:short)%00%(objectname)%00%(upstream:track)%00%(upstream:remotename)%00%(upstream:remoteref) refs/heads/origin/master refs/remotes/origin/master [4ms]
2024-07-20 13:06:20.575 [info] > git config --get commit.template [7ms]
2024-07-20 13:06:20.577 [info] > git for-each-ref --format=%(refname)%00%(upstream:short)%00%(objectname)%00%(upstream:track)%00%(upstream:remotename)%00%(upstream:remoteref) refs/heads/master refs/remotes/master [3ms]
2024-07-20 13:06:20.582 [warning] ENOENT: no such file or directory, open '/home/carti/.config/dwmblocks/.git/refs/remotes/origin/master'
2024-07-20 13:06:20.584 [info] > git rev-parse refs/remotes/origin/master [2ms]
2024-07-20 13:06:20.590 [info] > git status -z -uall [2ms]
2024-07-20 13:06:20.615 [info] > git for-each-ref --format=%(refname)%00%(upstream:short)%00%(objectname)%00%(upstream:track)%00%(upstream:remotename)%00%(upstream:remoteref) refs/heads/master refs/remotes/master [6ms]
2024-07-20 13:06:20.623 [info] > git config --local branch.master.vscode-merge-base [2ms]
2024-07-20 13:06:20.634 [info] > git for-each-ref --format=%(refname)%00%(upstream:short)%00%(objectname)%00%(upstream:track)%00%(upstream:remotename)%00%(upstream:remoteref) refs/heads/origin/master refs/remotes/origin/master [5ms]
2024-07-20 13:06:42.747 [info] > git config --get commit.template [10ms]
2024-07-20 13:06:42.749 [info] > git for-each-ref --format=%(refname)%00%(upstream:short)%00%(objectname)%00%(upstream:track)%00%(upstream:remotename)%00%(upstream:remoteref) refs/heads/master refs/remotes/master [4ms]
2024-07-20 13:06:42.754 [warning] ENOENT: no such file or directory, open '/home/carti/.config/dwmblocks/.git/refs/remotes/origin/master'
2024-07-20 13:06:42.756 [info] > git rev-parse refs/remotes/origin/master [2ms]
2024-07-20 13:06:42.764 [info] > git status -z -uall [4ms]
2024-07-20 13:06:42.778 [info] > git for-each-ref --format=%(refname)%00%(upstream:short)%00%(objectname)%00%(upstream:track)%00%(upstream:remotename)%00%(upstream:remoteref) refs/heads/master refs/remotes/master [6ms]
2024-07-20 13:06:42.789 [info] > git config --local branch.master.vscode-merge-base [4ms]
2024-07-20 13:06:42.810 [info] > git for-each-ref --format=%(refname)%00%(upstream:short)%00%(objectname)%00%(upstream:track)%00%(upstream:remotename)%00%(upstream:remoteref) refs/heads/origin/master refs/remotes/origin/master [4ms]
2024-07-20 13:07:17.621 [info] > git show --textconv :scripts/volume.sh [8ms]
2024-07-20 13:07:17.623 [info] > git ls-files --stage -- /home/carti/.config/dwmblocks/scripts/volume.sh [3ms]
2024-07-20 13:07:22.426 [info] > git show --textconv :scripts/time.sh [17ms]
2024-07-20 13:07:22.432 [info] > git ls-files --stage -- /home/carti/.config/dwmblocks/scripts/time.sh [7ms]
2024-07-20 13:07:24.534 [info] > git show --textconv :scripts/battery.sh [10ms]
2024-07-20 13:07:24.536 [info] > git ls-files --stage -- /home/carti/.config/dwmblocks/scripts/battery.sh [3ms]
2024-07-20 13:07:30.120 [info] > git show --textconv :scripts/cpu.sh [8ms]
2024-07-20 13:07:30.122 [info] > git ls-files --stage -- /home/carti/.config/dwmblocks/scripts/cpu.sh [3ms]
2024-07-20 13:09:41.866 [info] > git config --get commit.template [9ms]
2024-07-20 13:09:41.868 [info] > git for-each-ref --format=%(refname)%00%(upstream:short)%00%(objectname)%00%(upstream:track)%00%(upstream:remotename)%00%(upstream:remoteref) refs/heads/master refs/remotes/master [4ms]
2024-07-20 13:09:41.872 [warning] ENOENT: no such file or directory, open '/home/carti/.config/dwmblocks/.git/refs/remotes/origin/master'
2024-07-20 13:09:41.875 [info] > git rev-parse refs/remotes/origin/master [3ms]
2024-07-20 13:09:41.881 [info] > git status -z -uall [3ms]
2024-07-20 13:09:41.900 [info] > git for-each-ref --format=%(refname)%00%(upstream:short)%00%(objectname)%00%(upstream:track)%00%(upstream:remotename)%00%(upstream:remoteref) refs/heads/master refs/remotes/master [4ms]
2024-07-20 13:09:41.908 [info] > git config --local branch.master.vscode-merge-base [2ms]
2024-07-20 13:09:41.926 [info] > git for-each-ref --format=%(refname)%00%(upstream:short)%00%(objectname)%00%(upstream:track)%00%(upstream:remotename)%00%(upstream:remoteref) refs/heads/origin/master refs/remotes/origin/master [3ms]
2024-07-20 13:10:34.000 [info] > git show --textconv :scripts/battery.sh [7ms]
2024-07-20 13:10:34.002 [info] > git ls-files --stage -- /home/carti/.config/dwmblocks/scripts/battery.sh [3ms]
2024-07-20 13:10:35.974 [info] > git show --textconv :scripts/netconn.sh [8ms]
2024-07-20 13:10:35.975 [info] > git ls-files --stage -- /home/carti/.config/dwmblocks/scripts/netconn.sh [2ms]
2024-07-20 13:10:37.254 [info] > git show --textconv :scripts/cpu.sh [7ms]
2024-07-20 13:10:37.256 [info] > git ls-files --stage -- /home/carti/.config/dwmblocks/scripts/cpu.sh [3ms]
2024-07-20 13:11:17.231 [info] > git config --get commit.template [7ms]
2024-07-20 13:11:17.233 [info] > git for-each-ref --format=%(refname)%00%(upstream:short)%00%(objectname)%00%(upstream:track)%00%(upstream:remotename)%00%(upstream:remoteref) refs/heads/master refs/remotes/master [3ms]
2024-07-20 13:11:17.237 [warning] ENOENT: no such file or directory, open '/home/carti/.config/dwmblocks/.git/refs/remotes/origin/master'
2024-07-20 13:11:17.239 [info] > git rev-parse refs/remotes/origin/master [2ms]
2024-07-20 13:11:17.246 [info] > git status -z -uall [3ms]
2024-07-20 13:11:17.271 [info] > git for-each-ref --format=%(refname)%00%(upstream:short)%00%(objectname)%00%(upstream:track)%00%(upstream:remotename)%00%(upstream:remoteref) refs/heads/master refs/remotes/master [5ms]
2024-07-20 13:11:17.279 [info] > git config --local branch.master.vscode-merge-base [2ms]
2024-07-20 13:11:17.288 [info] > git for-each-ref --format=%(refname)%00%(upstream:short)%00%(objectname)%00%(upstream:track)%00%(upstream:remotename)%00%(upstream:remoteref) refs/heads/origin/master refs/remotes/origin/master [4ms]
2024-07-20 13:11:37.622 [info] > git config --get commit.template [6ms]
2024-07-20 13:11:37.624 [info] > git for-each-ref --format=%(refname)%00%(upstream:short)%00%(objectname)%00%(upstream:track)%00%(upstream:remotename)%00%(upstream:remoteref) refs/heads/master refs/remotes/master [2ms]
2024-07-20 13:11:37.627 [warning] ENOENT: no such file or directory, open '/home/carti/.config/dwmblocks/.git/refs/remotes/origin/master'
2024-07-20 13:11:37.629 [info] > git rev-parse refs/remotes/origin/master [2ms]
2024-07-20 13:11:37.636 [info] > git status -z -uall [3ms]
2024-07-20 13:11:37.646 [info] > git for-each-ref --format=%(refname)%00%(upstream:short)%00%(objectname)%00%(upstream:track)%00%(upstream:remotename)%00%(upstream:remoteref) refs/heads/master refs/remotes/master [5ms]
2024-07-20 13:11:37.653 [info] > git config --local branch.master.vscode-merge-base [2ms]
2024-07-20 13:11:37.671 [info] > git for-each-ref --format=%(refname)%00%(upstream:short)%00%(objectname)%00%(upstream:track)%00%(upstream:remotename)%00%(upstream:remoteref) refs/heads/origin/master refs/remotes/origin/master [3ms]
2024-07-20 13:11:46.321 [info] > git for-each-ref --format=%(refname)%00%(upstream:short)%00%(objectname)%00%(upstream:track)%00%(upstream:remotename)%00%(upstream:remoteref) refs/heads/master refs/remotes/master [0ms]
2024-07-20 13:11:46.321 [info] > git config --get commit.template [11ms]
2024-07-20 13:11:46.325 [warning] ENOENT: no such file or directory, open '/home/carti/.config/dwmblocks/.git/refs/remotes/origin/master'
2024-07-20 13:11:46.327 [info] > git rev-parse refs/remotes/origin/master [2ms]
2024-07-20 13:11:46.337 [info] > git status -z -uall [4ms]
2024-07-20 13:11:46.357 [info] > git for-each-ref --format=%(refname)%00%(upstream:short)%00%(objectname)%00%(upstream:track)%00%(upstream:remotename)%00%(upstream:remoteref) refs/heads/master refs/remotes/master [3ms]
2024-07-20 13:11:46.369 [info] > git config --local branch.master.vscode-merge-base [5ms]
2024-07-20 13:11:46.392 [info] > git for-each-ref --format=%(refname)%00%(upstream:short)%00%(objectname)%00%(upstream:track)%00%(upstream:remotename)%00%(upstream:remoteref) refs/heads/origin/master refs/remotes/origin/master [3ms]
2024-07-20 13:11:52.486 [info] > git show --textconv :scripts/netconn.sh [11ms]
2024-07-20 13:11:52.488 [info] > git ls-files --stage -- /home/carti/.config/dwmblocks/scripts/netconn.sh [3ms]
2024-07-20 13:11:59.686 [info] > git show --textconv :scripts/cpu.sh [7ms]
2024-07-20 13:11:59.688 [info] > git ls-files --stage -- /home/carti/.config/dwmblocks/scripts/cpu.sh [3ms]
2024-07-20 13:12:04.176 [info] > git config --get commit.template [5ms]
2024-07-20 13:12:04.183 [info] > git for-each-ref --format=%(refname)%00%(upstream:short)%00%(objectname)%00%(upstream:track)%00%(upstream:remotename)%00%(upstream:remoteref) refs/heads/master refs/remotes/master [3ms]
2024-07-20 13:12:04.188 [warning] ENOENT: no such file or directory, open '/home/carti/.config/dwmblocks/.git/refs/remotes/origin/master'
2024-07-20 13:12:04.190 [info] > git rev-parse refs/remotes/origin/master [2ms]
2024-07-20 13:12:04.197 [info] > git status -z -uall [3ms]
2024-07-20 13:12:04.227 [info] > git for-each-ref --format=%(refname)%00%(upstream:short)%00%(objectname)%00%(upstream:track)%00%(upstream:remotename)%00%(upstream:remoteref) refs/heads/master refs/remotes/master [6ms]
2024-07-20 13:12:04.240 [info] > git config --local branch.master.vscode-merge-base [2ms]
2024-07-20 13:12:04.248 [info] > git for-each-ref --format=%(refname)%00%(upstream:short)%00%(objectname)%00%(upstream:track)%00%(upstream:remotename)%00%(upstream:remoteref) refs/heads/origin/master refs/remotes/origin/master [3ms]
2024-07-20 13:14:40.464 [info] > git config --get commit.template [49ms]
2024-07-20 13:14:40.468 [info] > git for-each-ref --format=%(refname)%00%(upstream:short)%00%(objectname)%00%(upstream:track)%00%(upstream:remotename)%00%(upstream:remoteref) refs/heads/master refs/remotes/master [11ms]
2024-07-20 13:14:40.475 [warning] ENOENT: no such file or directory, open '/home/carti/.config/dwmblocks/.git/refs/remotes/origin/master'
2024-07-20 13:14:40.479 [info] > git rev-parse refs/remotes/origin/master [3ms]
2024-07-20 13:14:40.495 [info] > git status -z -uall [7ms]
2024-07-20 13:14:40.510 [info] > git for-each-ref --format=%(refname)%00%(upstream:short)%00%(objectname)%00%(upstream:track)%00%(upstream:remotename)%00%(upstream:remoteref) refs/heads/master refs/remotes/master [6ms]
2024-07-20 13:14:40.521 [info] > git config --local branch.master.vscode-merge-base [2ms]
2024-07-20 13:14:40.532 [info] > git for-each-ref --format=%(refname)%00%(upstream:short)%00%(objectname)%00%(upstream:track)%00%(upstream:remotename)%00%(upstream:remoteref) refs/heads/origin/master refs/remotes/origin/master [4ms]
2024-07-20 13:15:03.808 [info] > git config --get commit.template [10ms]
2024-07-20 13:15:03.810 [info] > git for-each-ref --format=%(refname)%00%(upstream:short)%00%(objectname)%00%(upstream:track)%00%(upstream:remotename)%00%(upstream:remoteref) refs/heads/master refs/remotes/master [4ms]
2024-07-20 13:15:03.815 [warning] ENOENT: no such file or directory, open '/home/carti/.config/dwmblocks/.git/refs/remotes/origin/master'
2024-07-20 13:15:03.817 [info] > git rev-parse refs/remotes/origin/master [2ms]
2024-07-20 13:15:03.826 [info] > git status -z -uall [3ms]
2024-07-20 13:15:03.842 [info] > git for-each-ref --format=%(refname)%00%(upstream:short)%00%(objectname)%00%(upstream:track)%00%(upstream:remotename)%00%(upstream:remoteref) refs/heads/master refs/remotes/master [4ms]
2024-07-20 13:15:03.850 [info] > git config --local branch.master.vscode-merge-base [3ms]
2024-07-20 13:15:03.857 [info] > git for-each-ref --format=%(refname)%00%(upstream:short)%00%(objectname)%00%(upstream:track)%00%(upstream:remotename)%00%(upstream:remoteref) refs/heads/origin/master refs/remotes/origin/master [2ms]
2024-07-20 13:15:17.083 [info] > git config --get commit.template [15ms]
2024-07-20 13:15:17.085 [info] > git for-each-ref --format=%(refname)%00%(upstream:short)%00%(objectname)%00%(upstream:track)%00%(upstream:remotename)%00%(upstream:remoteref) refs/heads/master refs/remotes/master [3ms]
2024-07-20 13:15:17.092 [warning] ENOENT: no such file or directory, open '/home/carti/.config/dwmblocks/.git/refs/remotes/origin/master'
2024-07-20 13:15:17.096 [info] > git rev-parse refs/remotes/origin/master [4ms]
2024-07-20 13:15:17.107 [info] > git status -z -uall [4ms]
2024-07-20 13:15:17.119 [info] > git for-each-ref --format=%(refname)%00%(upstream:short)%00%(objectname)%00%(upstream:track)%00%(upstream:remotename)%00%(upstream:remoteref) refs/heads/master refs/remotes/master [4ms]
2024-07-20 13:15:17.127 [info] > git config --local branch.master.vscode-merge-base [2ms]
2024-07-20 13:15:17.135 [info] > git for-each-ref --format=%(refname)%00%(upstream:short)%00%(objectname)%00%(upstream:track)%00%(upstream:remotename)%00%(upstream:remoteref) refs/heads/origin/master refs/remotes/origin/master [3ms]
2024-07-20 13:15:27.638 [info] > git config --get commit.template [7ms]
2024-07-20 13:15:27.639 [info] > git for-each-ref --format=%(refname)%00%(upstream:short)%00%(objectname)%00%(upstream:track)%00%(upstream:remotename)%00%(upstream:remoteref) refs/heads/master refs/remotes/master [2ms]
2024-07-20 13:15:27.643 [warning] ENOENT: no such file or directory, open '/home/carti/.config/dwmblocks/.git/refs/remotes/origin/master'
2024-07-20 13:15:27.646 [info] > git rev-parse refs/remotes/origin/master [3ms]
2024-07-20 13:15:27.653 [info] > git status -z -uall [3ms]
2024-07-20 13:15:27.666 [info] > git for-each-ref --format=%(refname)%00%(upstream:short)%00%(objectname)%00%(upstream:track)%00%(upstream:remotename)%00%(upstream:remoteref) refs/heads/master refs/remotes/master [5ms]
2024-07-20 13:15:27.680 [info] > git config --local branch.master.vscode-merge-base [5ms]
2024-07-20 13:15:27.695 [info] > git for-each-ref --format=%(refname)%00%(upstream:short)%00%(objectname)%00%(upstream:track)%00%(upstream:remotename)%00%(upstream:remoteref) refs/heads/origin/master refs/remotes/origin/master [3ms]
2024-07-20 13:15:32.679 [info] > git config --get commit.template [7ms]
2024-07-20 13:15:32.681 [info] > git for-each-ref --format=%(refname)%00%(upstream:short)%00%(objectname)%00%(upstream:track)%00%(upstream:remotename)%00%(upstream:remoteref) refs/heads/master refs/remotes/master [3ms]
2024-07-20 13:15:32.686 [warning] ENOENT: no such file or directory, open '/home/carti/.config/dwmblocks/.git/refs/remotes/origin/master'
2024-07-20 13:15:32.688 [info] > git rev-parse refs/remotes/origin/master [2ms]
2024-07-20 13:15:32.696 [info] > git status -z -uall [3ms]
2024-07-20 13:15:32.711 [info] > git for-each-ref --format=%(refname)%00%(upstream:short)%00%(objectname)%00%(upstream:track)%00%(upstream:remotename)%00%(upstream:remoteref) refs/heads/master refs/remotes/master [4ms]
2024-07-20 13:15:32.721 [info] > git config --local branch.master.vscode-merge-base [3ms]
2024-07-20 13:15:32.734 [info] > git for-each-ref --format=%(refname)%00%(upstream:short)%00%(objectname)%00%(upstream:track)%00%(upstream:remotename)%00%(upstream:remoteref) refs/heads/origin/master refs/remotes/origin/master [3ms]
2024-07-20 13:16:09.633 [info] > git config --get commit.template [21ms]
2024-07-20 13:16:09.636 [info] > git for-each-ref --format=%(refname)%00%(upstream:short)%00%(objectname)%00%(upstream:track)%00%(upstream:remotename)%00%(upstream:remoteref) refs/heads/master refs/remotes/master [5ms]
2024-07-20 13:16:09.650 [warning] ENOENT: no such file or directory, open '/home/carti/.config/dwmblocks/.git/refs/remotes/origin/master'
2024-07-20 13:16:09.652 [info] > git rev-parse refs/remotes/origin/master [5ms]
2024-07-20 13:16:09.661 [info] > git status -z -uall [3ms]
2024-07-20 13:16:09.676 [info] > git for-each-ref --format=%(refname)%00%(upstream:short)%00%(objectname)%00%(upstream:track)%00%(upstream:remotename)%00%(upstream:remoteref) refs/heads/master refs/remotes/master [5ms]
2024-07-20 13:16:09.693 [info] > git config --local branch.master.vscode-merge-base [5ms]
2024-07-20 13:16:09.704 [info] > git for-each-ref --format=%(refname)%00%(upstream:short)%00%(objectname)%00%(upstream:track)%00%(upstream:remotename)%00%(upstream:remoteref) refs/heads/origin/master refs/remotes/origin/master [3ms]
2024-07-20 13:16:49.858 [info] > git config --get commit.template [7ms]
2024-07-20 13:16:49.891 [info] > git for-each-ref --format=%(refname)%00%(upstream:short)%00%(objectname)%00%(upstream:track)%00%(upstream:remotename)%00%(upstream:remoteref) refs/heads/master refs/remotes/master [3ms]
2024-07-20 13:16:49.896 [warning] ENOENT: no such file or directory, open '/home/carti/.config/dwmblocks/.git/refs/remotes/origin/master'
2024-07-20 13:16:49.898 [info] > git rev-parse refs/remotes/origin/master [2ms]
2024-07-20 13:16:49.907 [info] > git status -z -uall [4ms]
2024-07-20 13:16:49.928 [info] > git for-each-ref --format=%(refname)%00%(upstream:short)%00%(objectname)%00%(upstream:track)%00%(upstream:remotename)%00%(upstream:remoteref) refs/heads/master refs/remotes/master [7ms]
2024-07-20 13:16:49.937 [info] > git config --local branch.master.vscode-merge-base [1ms]
2024-07-20 13:16:49.949 [info] > git for-each-ref --format=%(refname)%00%(upstream:short)%00%(objectname)%00%(upstream:track)%00%(upstream:remotename)%00%(upstream:remoteref) refs/heads/origin/master refs/remotes/origin/master [5ms]
2024-07-20 13:17:07.192 [info] > git config --get commit.template [10ms]
2024-07-20 13:17:07.194 [info] > git for-each-ref --format=%(refname)%00%(upstream:short)%00%(objectname)%00%(upstream:track)%00%(upstream:remotename)%00%(upstream:remoteref) refs/heads/master refs/remotes/master [3ms]
2024-07-20 13:17:07.199 [warning] ENOENT: no such file or directory, open '/home/carti/.config/dwmblocks/.git/refs/remotes/origin/master'
2024-07-20 13:17:07.201 [info] > git rev-parse refs/remotes/origin/master [2ms]
2024-07-20 13:17:07.209 [info] > git status -z -uall [3ms]
2024-07-20 13:17:07.219 [info] > git for-each-ref --format=%(refname)%00%(upstream:short)%00%(objectname)%00%(upstream:track)%00%(upstream:remotename)%00%(upstream:remoteref) refs/heads/master refs/remotes/master [4ms]
2024-07-20 13:17:07.230 [info] > git config --local branch.master.vscode-merge-base [4ms]
2024-07-20 13:17:07.241 [info] > git for-each-ref --format=%(refname)%00%(upstream:short)%00%(objectname)%00%(upstream:track)%00%(upstream:remotename)%00%(upstream:remoteref) refs/heads/origin/master refs/remotes/origin/master [3ms]
2024-07-20 13:17:26.036 [info] > git config --get commit.template [45ms]
2024-07-20 13:17:26.039 [info] > git for-each-ref --format=%(refname)%00%(upstream:short)%00%(objectname)%00%(upstream:track)%00%(upstream:remotename)%00%(upstream:remoteref) refs/heads/master refs/remotes/master [10ms]
2024-07-20 13:17:26.060 [warning] ENOENT: no such file or directory, open '/home/carti/.config/dwmblocks/.git/refs/remotes/origin/master'
2024-07-20 13:17:26.100 [info] > git rev-parse refs/remotes/origin/master [40ms]
2024-07-20 13:17:26.113 [info] > git status -z -uall [4ms]
2024-07-20 13:17:26.132 [info] > git for-each-ref --format=%(refname)%00%(upstream:short)%00%(objectname)%00%(upstream:track)%00%(upstream:remotename)%00%(upstream:remoteref) refs/heads/master refs/remotes/master [8ms]
2024-07-20 13:17:26.140 [info] > git config --local branch.master.vscode-merge-base [2ms]
2024-07-20 13:17:26.149 [info] > git for-each-ref --format=%(refname)%00%(upstream:short)%00%(objectname)%00%(upstream:track)%00%(upstream:remotename)%00%(upstream:remoteref) refs/heads/origin/master refs/remotes/origin/master [3ms]
2024-07-20 13:17:31.149 [info] > git config --get commit.template [1ms]
2024-07-20 13:17:31.158 [info] > git for-each-ref --format=%(refname)%00%(upstream:short)%00%(objectname)%00%(upstream:track)%00%(upstream:remotename)%00%(upstream:remoteref) refs/heads/master refs/remotes/master [4ms]
2024-07-20 13:17:31.164 [warning] ENOENT: no such file or directory, open '/home/carti/.config/dwmblocks/.git/refs/remotes/origin/master'
2024-07-20 13:17:31.166 [info] > git rev-parse refs/remotes/origin/master [2ms]
2024-07-20 13:17:31.176 [info] > git status -z -uall [4ms]
2024-07-20 13:17:31.187 [info] > git for-each-ref --format=%(refname)%00%(upstream:short)%00%(objectname)%00%(upstream:track)%00%(upstream:remotename)%00%(upstream:remoteref) refs/heads/master refs/remotes/master [5ms]
2024-07-20 13:17:31.196 [info] > git config --local branch.master.vscode-merge-base [3ms]
2024-07-20 13:17:31.205 [info] > git for-each-ref --format=%(refname)%00%(upstream:short)%00%(objectname)%00%(upstream:track)%00%(upstream:remotename)%00%(upstream:remoteref) refs/heads/origin/master refs/remotes/origin/master [3ms]
2024-07-20 13:20:22.934 [info] > git ls-files --stage -- /home/carti/.config/dwmblocks/blocks.h [9ms]
2024-07-20 13:20:22.936 [info] > git show --textconv :blocks.h [22ms]
2024-07-20 13:20:32.426 [info] > git config --get commit.template [14ms]
2024-07-20 13:20:32.430 [info] > git for-each-ref --format=%(refname)%00%(upstream:short)%00%(objectname)%00%(upstream:track)%00%(upstream:remotename)%00%(upstream:remoteref) refs/heads/master refs/remotes/master [12ms]
2024-07-20 13:20:32.434 [warning] ENOENT: no such file or directory, open '/home/carti/.config/dwmblocks/.git/refs/remotes/origin/master'
2024-07-20 13:20:32.438 [info] > git rev-parse refs/remotes/origin/master [4ms]
2024-07-20 13:20:32.447 [info] > git status -z -uall [5ms]
2024-07-20 13:20:32.460 [info] > git for-each-ref --format=%(refname)%00%(upstream:short)%00%(objectname)%00%(upstream:track)%00%(upstream:remotename)%00%(upstream:remoteref) refs/heads/master refs/remotes/master [5ms]
2024-07-20 13:20:32.469 [info] > git config --local branch.master.vscode-merge-base [2ms]
2024-07-20 13:20:32.478 [info] > git for-each-ref --format=%(refname)%00%(upstream:short)%00%(objectname)%00%(upstream:track)%00%(upstream:remotename)%00%(upstream:remoteref) refs/heads/origin/master refs/remotes/origin/master [4ms]
2024-07-20 13:21:36.300 [info] > git config --get commit.template [24ms]
2024-07-20 13:21:36.302 [info] > git for-each-ref --format=%(refname)%00%(upstream:short)%00%(objectname)%00%(upstream:track)%00%(upstream:remotename)%00%(upstream:remoteref) refs/heads/master refs/remotes/master [5ms]
2024-07-20 13:21:36.314 [warning] ENOENT: no such file or directory, open '/home/carti/.config/dwmblocks/.git/refs/remotes/origin/master'
2024-07-20 13:21:36.318 [info] > git rev-parse refs/remotes/origin/master [4ms]
2024-07-20 13:21:36.327 [info] > git status -z -uall [4ms]
2024-07-20 13:21:36.339 [info] > git for-each-ref --format=%(refname)%00%(upstream:short)%00%(objectname)%00%(upstream:track)%00%(upstream:remotename)%00%(upstream:remoteref) refs/heads/master refs/remotes/master [4ms]
2024-07-20 13:21:36.349 [info] > git config --local branch.master.vscode-merge-base [3ms]
2024-07-20 13:21:36.359 [info] > git for-each-ref --format=%(refname)%00%(upstream:short)%00%(objectname)%00%(upstream:track)%00%(upstream:remotename)%00%(upstream:remoteref) refs/heads/origin/master refs/remotes/origin/master [3ms]
2024-07-20 13:22:09.205 [info] > git config --get commit.template [4ms]
2024-07-20 13:22:09.217 [info] > git for-each-ref --format=%(refname)%00%(upstream:short)%00%(objectname)%00%(upstream:track)%00%(upstream:remotename)%00%(upstream:remoteref) refs/heads/master refs/remotes/master [6ms]
2024-07-20 13:22:09.222 [warning] ENOENT: no such file or directory, open '/home/carti/.config/dwmblocks/.git/refs/remotes/origin/master'
2024-07-20 13:22:09.224 [info] > git rev-parse refs/remotes/origin/master [2ms]
2024-07-20 13:22:09.232 [info] > git status -z -uall [3ms]
2024-07-20 13:22:09.242 [info] > git for-each-ref --format=%(refname)%00%(upstream:short)%00%(objectname)%00%(upstream:track)%00%(upstream:remotename)%00%(upstream:remoteref) refs/heads/master refs/remotes/master [4ms]
2024-07-20 13:22:09.249 [info] > git config --local branch.master.vscode-merge-base [2ms]
2024-07-20 13:22:09.257 [info] > git for-each-ref --format=%(refname)%00%(upstream:short)%00%(objectname)%00%(upstream:track)%00%(upstream:remotename)%00%(upstream:remoteref) refs/heads/origin/master refs/remotes/origin/master [3ms]
2024-07-20 13:22:35.917 [info] Log level: Info
2024-07-20 13:22:35.917 [info] Validating found git in: "git"
2024-07-20 13:22:35.917 [info] Using git "2.45.2" from "git"
2024-07-20 13:22:35.917 [info] > git rev-parse --show-toplevel [3ms]
2024-07-20 13:22:35.917 [info] fatal: not a git repository (or any of the parent directories): .git
2024-07-20 13:22:35.930 [info] > git rev-parse --show-toplevel [4ms]
2024-07-20 13:22:35.930 [info] fatal: not a git repository (or any of the parent directories): .git
2024-07-20 13:22:35.955 [info] > git rev-parse --show-toplevel [16ms]
2024-07-20 13:22:35.955 [info] fatal: not a git repository (or any of the parent directories): .git
2024-07-20 13:22:35.969 [info] > git rev-parse --show-toplevel [3ms]
2024-07-20 13:22:35.969 [info] fatal: not a git repository (or any of the parent directories): .git
2024-07-20 13:22:35.976 [info] > git rev-parse --show-toplevel [3ms]
2024-07-20 13:22:35.976 [info] fatal: not a git repository (or any of the parent directories): .git
2024-07-20 13:22:36.597 [info] > git rev-parse --show-toplevel [5ms]
2024-07-20 13:22:36.597 [info] fatal: not a git repository (or any of the parent directories): .git
2024-07-20 13:22:38.560 [info] > git rev-parse --show-toplevel [3ms]
2024-07-20 13:22:38.560 [info] fatal: not a git repository (or any of the parent directories): .git
